

----QUIT----(13 August 2023 19:14:09) CuisUniversity-5981.image priorSource: 5713367!

----STARTUP---- (13 August 2023 19:14:10) as /Users/hernan/Documents/Cuis/5.0-64Bits/Cuis-University-Installer/CuisUniversity-5981.image!


----QUIT----(13 August 2023 19:14:10) CuisUniversity-5981.image priorSource: 10197065!

----STARTUP---- (30 October 2023 16:40:01) as /Users/fran/Downloads/macos64/CuisUniversity-5981.image!


----End fileIn of /Users/fran/Documents/Facultad/Inge1/Ingenieria-de-Software-I/08-MarsRover-ElRegreso/MarsRover-WithHeading.st----!

!testRun: #MarsRoverLoggerTest #test01LogIsEmptyString stamp: 'FK 10/30/2023 16:40:30'!
PASSED!

!testRun: #MarsRoverLoggerTest #test02LogWithPositionHasOneLineMovingNorth stamp: 'FK 10/30/2023 16:40:30'!
PASSED!

!testRun: #MarsRoverLoggerTest #test03LogWithPositionHasOneLineMovingSouth stamp: 'FK 10/30/2023 16:40:31'!
PASSED!

!testRun: #MarsRoverLoggerTest #test04LogWithPositionHasOneLineMovingWest stamp: 'FK 10/30/2023 16:40:31'!
PASSED!

!testRun: #MarsRoverLoggerTest #test05LogWithPositionHasOneLineMovingEast stamp: 'FK 10/30/2023 16:40:31'!
PASSED!

!testRun: #MarsRoverLoggerTest #test06LogWithPositionHasTwoLinesMovingFF stamp: 'FK 10/30/2023 16:40:31'!
PASSED!

!testRun: #MarsRoverLoggerTest #test07LogWithHeadingsHasOneLineRotatingWest stamp: 'FK 10/30/2023 16:40:31'!
PASSED!

!testRun: #MarsRoverLoggerTest #test08LogWithHeadingsHasOneLineRotatingEast stamp: 'FK 10/30/2023 16:40:31'!
PASSED!

!testRun: #MarsRoverLoggerTest #test09LogWithHeadingsHasOneLineRotatingNorth stamp: 'FK 10/30/2023 16:40:31'!
PASSED!

!testRun: #MarsRoverLoggerTest #test10LogWithHeadingsHasOneLineRotatingSouth stamp: 'FK 10/30/2023 16:40:31'!
PASSED!

!testRun: #MarsRoverLoggerTest #test11LogWithHeadingsHasTwoLinesRotatingRL stamp: 'FK 10/30/2023 16:40:31'!
PASSED!

!testRun: #MarsRoverLoggerTest #test12InitializeLoggerForPositionOnly stamp: 'FK 10/30/2023 16:40:31'!
PASSED!

!testRun: #MarsRoverLoggerTest #test13InitializeLoggerForHeadingOnly stamp: 'FK 10/30/2023 16:40:31'!
PASSED!

!testRun: #MarsRoverLoggerTest #test14InitializeLoggerForPositionAndHeading stamp: 'FK 10/30/2023 16:40:31'!
PASSED!

!testRun: #MarsRoverTest #test01DoesNotMoveWhenNoCommand stamp: 'FK 10/30/2023 16:40:31'!
PASSED!

!testRun: #MarsRoverTest #test02IsAtFailsForDifferentPosition stamp: 'FK 10/30/2023 16:40:31'!
PASSED!

!testRun: #MarsRoverTest #test03IsAtFailsForDifferentHeading stamp: 'FK 10/30/2023 16:40:31'!
PASSED!

!testRun: #MarsRoverTest #test04IncrementsYAfterMovingForwardWhenHeadingNorth stamp: 'FK 10/30/2023 16:40:31'!
PASSED!

!testRun: #MarsRoverTest #test06DecrementsYAfterMovingBackwardsWhenHeadingNorth stamp: 'FK 10/30/2023 16:40:31'!
PASSED!

!testRun: #MarsRoverTest #test07PointToEashAfterRotatingRightWhenHeadingNorth stamp: 'FK 10/30/2023 16:40:31'!
PASSED!

!testRun: #MarsRoverTest #test08PointsToWestAfterRotatingLeftWhenPointingNorth stamp: 'FK 10/30/2023 16:40:31'!
PASSED!

!testRun: #MarsRoverTest #test09DoesNotProcessInvalidCommand stamp: 'FK 10/30/2023 16:40:31'!
PASSED!

!testRun: #MarsRoverTest #test10CanProcessMoreThanOneCommand stamp: 'FK 10/30/2023 16:40:31'!
PASSED!

!testRun: #MarsRoverTest #test11IncrementsXAfterMovingForwareWhenHeadingEast stamp: 'FK 10/30/2023 16:40:31'!
PASSED!

!testRun: #MarsRoverTest #test12DecrementsXAfterMovingBackwardWhenHeadingEast stamp: 'FK 10/30/2023 16:40:31'!
PASSED!

!testRun: #MarsRoverTest #test13PointsToSouthAfterRotatingRightWhenHeadingEast stamp: 'FK 10/30/2023 16:40:31'!
PASSED!

!testRun: #MarsRoverTest #test14PointsToNorthAfterRotatingLeftWhenPointingEast stamp: 'FK 10/30/2023 16:40:31'!
PASSED!

!testRun: #MarsRoverTest #test15ForwardBackwardsAndRotateRightWorkAsExpectedWhenPointingSouth stamp: 'FK 10/30/2023 16:40:31'!
PASSED!

!testRun: #MarsRoverTest #test16ForwardBackwardsAndRotateRightWorkAsExpectedWhenPointingWest stamp: 'FK 10/30/2023 16:40:31'!
PASSED!

!testRun: #MarsRoverWindowTest #test01WindowForPositionOnly stamp: 'FK 10/30/2023 16:40:31'!
PASSED!

!testRun: #MarsRoverWindowTest #test02WindowForPositionOnlyMoveFF stamp: 'FK 10/30/2023 16:40:31'!
PASSED!

!testRun: #MarsRoverWindowTest #test03WindowForHeadingOnly stamp: 'FK 10/30/2023 16:40:31'!
PASSED!

!testRun: #MarsRoverWindowTest #test04WindowForHeadingOnlyRotateRR stamp: 'FK 10/30/2023 16:40:31'!
PASSED!

!testRun: #MarsRoverWindowTest #test05WindowForPositionAndHeading stamp: 'FK 10/30/2023 16:40:31'!
PASSED!

!testRun: #MarsRoverWindowTest #test06WindowForPositionAndHeadingAfterRF stamp: 'FK 10/30/2023 16:40:31'!
PASSED!

----STARTUP---- (30 October 2023 18:01:52) as /Users/fran/Downloads/macos64/CuisUniversity-5981.image!


Object subclass: #Cart
	instanceVariableNames: 'clientId password cartElements'
	classVariableNames: ''
	poolDictionaries: ''
	category: 'TusLibros'!

!classDefinition: #Cart category: 'TusLibros' stamp: 'FK 10/30/2023 19:27:53'!
Object subclass: #Cart
	instanceVariableNames: 'clientId password cartElements'
	classVariableNames: ''
	poolDictionaries: ''
	category: 'TusLibros'!

TestCase subclass: #CartTest
	instanceVariableNames: ''
	classVariableNames: ''
	poolDictionaries: ''
	category: 'TusLibros'!

!classDefinition: #CartTest category: 'TusLibros' stamp: 'FK 10/30/2023 19:28:17'!
TestCase subclass: #CartTest
	instanceVariableNames: ''
	classVariableNames: ''
	poolDictionaries: ''
	category: 'TusLibros'!
!CartTest methodsFor: 'nil' stamp: 'FK 10/30/2023 19:31:47'!
test01CreateCartWithValidParameters
	| cart clientId  password |
	password := 'contrasenia'.
	clientId := 1234567.
	cart := Cart forClient: clientId withPassword: password! !
!CartTest methodsFor: 'as yet unclassified' stamp: 'FK 10/30/2023 19:33:24' prior: 50650344!
test01CreateCartWithValidParameters
	| cart clientId  password |
	password := 'contrasenia'.
	clientId := 1234567.
	cart := Cart forClient: clientId withPassword: password.
	self assert: cart isEmpty.
	self deny: cart hasExpired.! !
!Cart class methodsFor: 'nil' stamp: 'FK 10/30/2023 19:35:05'!
forClient: aClientId withPassword: aString
	^self new initializeWithClientId: aClientId andPassword: aString.! !
!Cart class methodsFor: 'nil' stamp: 'FK 10/30/2023 19:35:04' prior: 50650363!
forClient: aClientId withPassword: aString
	^self new initializeWithClientId: aClientId andPassword: aString.! !
!CartTest methodsFor: 'as yet unclassified' stamp: 'FK 10/30/2023 19:37:51' prior: 50650353!
test01CreateCartWithValidParameters
	| cart clientId  password cartId |
	password := 'contrasenia'.
	clientId := 1234567.
	cartId := Cart forClient: clientId withPassword: password.
	self assert: cart isEmpty.
	self deny: cart hasExpired.! !

OrderedCollection allInstances!

OrderedCollection allInstances!
!CartTest methodsFor: 'as yet unclassified' stamp: 'FK 10/30/2023 19:43:31' prior: 50650376!
test01CreateCartWithValidParameters
	| clientId  password cartId cart |
	password := 'contrasenia'.
	clientId := 1234567.
	cartId := Cart forClient: clientId withPassword: password.
	self assert: cart isEmpty.
	self deny: cart hasExpired.! !
!CartTest methodsFor: 'as yet unclassified' stamp: 'FK 10/30/2023 19:44:15'!
test01CreateCartWithNonEmptyPasswordAndNonEmptyClientId
	| clientId  password cartId |
	password := 'contrasenia'.
	clientId := 1234567.
	cartId := Cart forClient: clientId withPassword: password.! !
!CartTest methodsFor: 'as yet unclassified' stamp: 'FK 10/30/2023 19:45:47'!
test01CreatedCartWithNonEmptyPasswordAndNonEmptyClientIdIsEmpty
	| cart clientId  password  |
	password := 'contrasenia'.
	clientId := 1234567.
	cart :=  Cart forClient: clientId withPassword: password.
	self assert: cart isEmpty.
	! !
!CartTest methodsFor: 'as yet unclassified' stamp: 'FK 10/30/2023 19:45:56' prior: 50650408!
test01CreatedCartWithNonEmptyPasswordAndNonEmptyClientIdIsEmpty
	| cart clientId password |
	password := 'contrasenia'.
	clientId := 1234567.
	cart :=  Cart forClient: clientId withPassword: password.
	self assert: cart isEmpty.
	! !
!Cart methodsFor: 'nil' stamp: 'FK 10/30/2023 19:46:58'!
initializeWithClientId: aClientId
	clientId := aClientId.! !
!Cart class methodsFor: 'as yet unclassified' stamp: 'FK 10/30/2023 19:48:58' prior: 50650369!
forClient: aClientId withPassword: aString
	^self new initializeWithClientId: aClientId.! !

!testRun: #CartTest #test01CreateCartWithNonEmptyPasswordAndNonEmptyClientId stamp: 'FK 10/30/2023 19:48:59'!
PASSED!

!testRun: #CartTest #test01CreateCartWithValidParameters stamp: 'FK 10/30/2023 19:48:59'!
ERROR!

!testRun: #CartTest #test01CreatedCartWithNonEmptyPasswordAndNonEmptyClientIdIsEmpty stamp: 'FK 10/30/2023 19:48:59'!
ERROR!

!methodRemoval: CartTest #test01CreateCartWithValidParameters stamp: 'FK 10/30/2023 19:49:11'!
test01CreateCartWithValidParameters
	| clientId  password cartId cart |
	password := 'contrasenia'.
	clientId := 1234567.
	cartId := Cart forClient: clientId withPassword: password.
	self assert: cart isEmpty.
	self deny: cart hasExpired.!

!methodRemoval: CartTest #test01CreateCartWithNonEmptyPasswordAndNonEmptyClientId stamp: 'FK 10/30/2023 19:49:12'!
test01CreateCartWithNonEmptyPasswordAndNonEmptyClientId
	| clientId  password cartId |
	password := 'contrasenia'.
	clientId := 1234567.
	cartId := Cart forClient: clientId withPassword: password.!

!testRun: #CartTest #test01CreatedCartWithNonEmptyPasswordAndNonEmptyClientIdIsEmpty stamp: 'FK 10/30/2023 19:49:14'!
ERROR!

!testRun: #CartTest #test01CreatedCartWithNonEmptyPasswordAndNonEmptyClientIdIsEmpty stamp: 'FK 10/30/2023 19:49:14'!
ERROR!
!Cart methodsFor: 'as yet unclassified' stamp: 'FK 10/30/2023 19:49:39' prior: 50650429!
initializeWithClientId: aClientId
	clientId := aClientId.
	cartElements := OrderedCollection new.! !

Object subclass: #Cart
	instanceVariableNames: 'clientId cartElements'
	classVariableNames: ''
	poolDictionaries: ''
	category: 'TusLibros'!

!classDefinition: #Cart category: 'TusLibros' stamp: 'FK 10/30/2023 19:49:53'!
Object subclass: #Cart
	instanceVariableNames: 'clientId cartElements'
	classVariableNames: ''
	poolDictionaries: ''
	category: 'TusLibros'!
!Cart methodsFor: 'nil' stamp: 'FK 10/30/2023 19:50:09'!
isEmpty
	cartElements isEmpty.! !

!testRun: #CartTest #test01CreatedCartWithNonEmptyPasswordAndNonEmptyClientIdIsEmpty stamp: 'FK 10/30/2023 19:50:11'!
ERROR!

!testRun: #CartTest #test01CreatedCartWithNonEmptyPasswordAndNonEmptyClientIdIsEmpty stamp: 'FK 10/30/2023 19:50:11'!
ERROR!
!Cart methodsFor: 'as yet unclassified' stamp: 'FK 10/30/2023 19:50:18' prior: 50650496!
isEmpty
	^cartElements isEmpty.! !

!testRun: #CartTest #test01CreatedCartWithNonEmptyPasswordAndNonEmptyClientIdIsEmpty stamp: 'FK 10/30/2023 19:50:21'!
PASSED!

!testRun: #CartTest #test01CreatedCartWithNonEmptyPasswordAndNonEmptyClientIdIsEmpty stamp: 'FK 10/30/2023 19:52:42'!
PASSED!

!testRun: #CartTest #test01CreatedCartWithNonEmptyPasswordAndNonEmptyClientIdIsEmpty stamp: 'FK 10/30/2023 19:52:42'!
PASSED!

1 allInstances !

Integer allInstances !

uno := 1.!

Integer allInstances .!

| cart clientId password |!

	cart :=  Cart forClient: clientId withPassword: password.!

Cart allInstances !

Cart allInstances count !

Cart allInstances size  !

Object subclass: #Cart
	instanceVariableNames: 'clientId cartElements lastId'
	classVariableNames: ''
	poolDictionaries: ''
	category: 'TusLibros'!

!classDefinition: #Cart category: 'TusLibros' stamp: 'FK 10/30/2023 19:57:01'!
Object subclass: #Cart
	instanceVariableNames: 'clientId cartElements lastId'
	classVariableNames: ''
	poolDictionaries: ''
	category: 'TusLibros'!

Object subclass: #Cart
	instanceVariableNames: 'clientId cartElements'
	classVariableNames: ''
	poolDictionaries: ''
	category: 'TusLibros'!

!classDefinition: #Cart category: 'TusLibros' stamp: 'FK 10/30/2023 19:57:06'!
Object subclass: #Cart
	instanceVariableNames: 'clientId cartElements'
	classVariableNames: ''
	poolDictionaries: ''
	category: 'TusLibros'!

Cart class
	instanceVariableNames: 'lastId'!

!classDefinition: 'Cart class' category: 'TusLibros' stamp: 'FK 10/30/2023 19:57:12'!
Cart class
	instanceVariableNames: 'lastId'!

!classDefinition: 'Cart class' category: 'TusLibros' stamp: 'FK 10/30/2023 20:02:15'!
Cart class
	instanceVariableNames: 'lastId carts'!
!Cart class methodsFor: 'as yet unclassified' stamp: 'FK 10/30/2023 20:02:13' prior: 50650434!
forClient: aClientId withPassword: aString
	lastId ifNotNil: [ lastId := lastId + 1] ifNil: [ lastId := 0 ] .
	carts := self new initializeWithClientId: aClientId andCartId: lastId.
	^lastId.! !
!Cart class methodsFor: 'as yet unclassified' stamp: 'FK 10/30/2023 20:07:35' prior: 50650565!
forClient: aClientId withPassword: aString
	| newCart |
	lastId ifNotNil: [ lastId := lastId + 1] ifNil: [ lastId := 0 ] .
	newCart := self new initializeWithClientId: aClientId andCartId: lastId.
	carts ifNotNil: [ carts := carts add: newCart] ifNil: [ carts := OrderedCollection with: newCart ].
	^lastId.! !
!Cart class methodsFor: 'as yet unclassified' stamp: 'FK 10/30/2023 20:15:00' prior: 50650575!
forClient: aClientId withPassword: aString
	^self new initializeWithClientId: aClientId.! !

Object subclass: #Cart
	instanceVariableNames: 'cartId cartElements'
	classVariableNames: ''
	poolDictionaries: ''
	category: 'TusLibros'!

!classDefinition: #Cart category: 'TusLibros' stamp: 'FK 10/30/2023 20:15:24'!
Object subclass: #Cart
	instanceVariableNames: 'cartId cartElements'
	classVariableNames: ''
	poolDictionaries: ''
	category: 'TusLibros'!
!Cart methodsFor: 'as yet unclassified' stamp: 'FK 10/30/2023 20:15:33' prior: 50650479!
initializeWithClientId: aClientId
	cartId := aClientId.
	cartElements := OrderedCollection new.! !

!testRun: #CartTest #test01CreatedCartWithNonEmptyPasswordAndNonEmptyClientIdIsEmpty stamp: 'FK 10/30/2023 20:15:50'!
PASSED!

!testRun: #CartTest #test01CreatedCartWithNonEmptyPasswordAndNonEmptyClientIdIsEmpty stamp: 'FK 10/30/2023 20:15:50'!
PASSED!
!CartTest methodsFor: 'as yet unclassified' stamp: 'FK 10/30/2023 20:28:13'!
test02CartWithOneItemWhenIsbnIsKnown
	| cart clientId password isbn |
	password := 'contrasenia'.
	clientId := 1234567.
	isbn := '026204630X'.
	cart := Cart forClient: clientId withPassword: password.
	cart addBook: isbn quantity: 1.
	self deny: cart isEmpty.
	self assert: (cart hasBook: isbn).
	! !

!testRun: #CartTest #test02CartWithOneItemWhenIsbnIsKnown stamp: 'FK 10/30/2023 20:28:15'!
ERROR!
!Cart methodsFor: 'as yet unclassified' stamp: 'FK 10/30/2023 20:32:02'!
addBook: isbn quantity: aNumber
	aNumber timesRepeat: [cartElements add: isbn].! !

!testRun: #CartTest #test01CreatedCartWithNonEmptyPasswordAndNonEmptyClientIdIsEmpty stamp: 'FK 10/30/2023 20:32:10'!
PASSED!

!testRun: #CartTest #test02CartWithOneItemWhenIsbnIsKnown stamp: 'FK 10/30/2023 20:32:10'!
ERROR!

!testRun: #CartTest #test02CartWithOneItemWhenIsbnIsKnown stamp: 'FK 10/30/2023 20:32:10'!
ERROR!
!CartTest methodsFor: 'as yet unclassified' stamp: 'FK 10/30/2023 20:32:34'!
test02CartWithOneItem
	| cart clientId password isbn |
	password := 'contrasenia'.
	clientId := 1234567.
	isbn := '026204630X'.
	cart := Cart forClient: clientId withPassword: password.
	cart addBook: isbn quantity: 1.
	self deny: cart isEmpty.
	self assert: (cart hasBook: isbn).
	! !

!methodRemoval: CartTest #test02CartWithOneItemWhenIsbnIsKnown stamp: 'FK 10/30/2023 20:32:34'!
test02CartWithOneItemWhenIsbnIsKnown
	| cart clientId password isbn |
	password := 'contrasenia'.
	clientId := 1234567.
	isbn := '026204630X'.
	cart := Cart forClient: clientId withPassword: password.
	cart addBook: isbn quantity: 1.
	self deny: cart isEmpty.
	self assert: (cart hasBook: isbn).
	!
!CartTest methodsFor: 'as yet unclassified' stamp: 'FK 10/30/2023 20:32:56'!
test01CreatedCartIsEmpty
	| cart clientId password |
	password := 'contrasenia'.
	clientId := 1234567.
	cart :=  Cart forClient: clientId withPassword: password.
	self assert: cart isEmpty.
	! !

!methodRemoval: CartTest #test01CreatedCartWithNonEmptyPasswordAndNonEmptyClientIdIsEmpty stamp: 'FK 10/30/2023 20:32:56'!
test01CreatedCartWithNonEmptyPasswordAndNonEmptyClientIdIsEmpty
	| cart clientId password |
	password := 'contrasenia'.
	clientId := 1234567.
	cart :=  Cart forClient: clientId withPassword: password.
	self assert: cart isEmpty.
	!
!Cart methodsFor: 'as yet unclassified' stamp: 'FK 10/30/2023 20:33:18'!
hasBook: isbn
	^cartElements includes: isbn.! !

!testRun: #CartTest #test01CreatedCartIsEmpty stamp: 'FK 10/30/2023 20:33:21'!
PASSED!

!testRun: #CartTest #test02CartWithOneItem stamp: 'FK 10/30/2023 20:33:21'!
PASSED!
!CartTest methodsFor: 'as yet unclassified' stamp: 'FK 10/30/2023 20:34:46'!
test03CartWithOneItemManyTimes
	| cart clientId password isbn |
	password := 'contrasenia'.
	clientId := 1234567.
	isbn := '026204630X'.
	cart := Cart forClient: clientId withPassword: password.
	cart addBook: isbn quantity: 3.
	self assert: (cart hasBook: isbn times: 3).
	! !

!testRun: #CartTest #test03CartWithOneItemManyTimes stamp: 'FK 10/30/2023 20:34:53'!
ERROR!
!Cart methodsFor: 'as yet unclassified' stamp: 'FK 10/30/2023 20:35:31'!
hasBook: isbn times: aNumber
	^aNumber = (cartElements count: isbn).! !

!testRun: #CartTest #test01CreatedCartIsEmpty stamp: 'FK 10/30/2023 20:35:35'!
PASSED!

!testRun: #CartTest #test02CartWithOneItem stamp: 'FK 10/30/2023 20:35:35'!
PASSED!

!testRun: #CartTest #test03CartWithOneItemManyTimes stamp: 'FK 10/30/2023 20:35:35'!
ERROR!

!testRun: #CartTest #test03CartWithOneItemManyTimes stamp: 'FK 10/30/2023 20:35:35'!
ERROR!

#(1 2 3 2 1 3 2) count: 2!

#(1 2 3 2 1 3 2) count: [2]!

#(1 2 3 2 1 3 2) count: [ :a | a = 2]!
!Cart methodsFor: 'as yet unclassified' stamp: 'FK 10/30/2023 20:37:19' prior: 50650718!
hasBook: isbn times: aNumber
	^aNumber = (cartElements count: [ :aBook | aBook = isbn]).! !

!testRun: #CartTest #test01CreatedCartIsEmpty stamp: 'FK 10/30/2023 20:37:22'!
PASSED!

!testRun: #CartTest #test02CartWithOneItem stamp: 'FK 10/30/2023 20:37:22'!
PASSED!

!testRun: #CartTest #test03CartWithOneItemManyTimes stamp: 'FK 10/30/2023 20:37:22'!
PASSED!
!Cart methodsFor: 'as yet unclassified' stamp: 'FK 10/30/2023 20:39:26' prior: 50650738!
hasBook: isbn times: aNumber
	^aNumber = (cartElements occurrencesOf: isbn).! !

!testRun: #CartTest #test01CreatedCartIsEmpty stamp: 'FK 10/30/2023 20:39:29'!
PASSED!

!testRun: #CartTest #test02CartWithOneItem stamp: 'FK 10/30/2023 20:39:29'!
PASSED!

!testRun: #CartTest #test03CartWithOneItemManyTimes stamp: 'FK 10/30/2023 20:39:29'!
PASSED!

!methodRemoval: Cart #hasBook: stamp: 'FK 10/30/2023 20:39:46'!
hasBook: isbn
	^cartElements includes: isbn.!

!testRun: #CartTest #test01CreatedCartIsEmpty stamp: 'FK 10/30/2023 20:39:49'!
PASSED!

!testRun: #CartTest #test02CartWithOneItem stamp: 'FK 10/30/2023 20:39:49'!
ERROR!

!testRun: #CartTest #test03CartWithOneItemManyTimes stamp: 'FK 10/30/2023 20:39:50'!
PASSED!

!testRun: #CartTest #test02CartWithOneItem stamp: 'FK 10/30/2023 20:39:50'!
ERROR!
!CartTest methodsFor: 'as yet unclassified' stamp: 'FK 10/30/2023 20:40:03' prior: 50650650!
test02CartWithOneItem
	| cart clientId password isbn |
	password := 'contrasenia'.
	clientId := 1234567.
	isbn := '026204630X'.
	cart := Cart forClient: clientId withPassword: password.
	cart addBook: isbn quantity: 1.
	self deny: cart isEmpty.
	self assert: (cart hasBook: isbn times: 1).
	! !

!testRun: #CartTest #test01CreatedCartIsEmpty stamp: 'FK 10/30/2023 20:40:07'!
PASSED!

!testRun: #CartTest #test02CartWithOneItem stamp: 'FK 10/30/2023 20:40:07'!
PASSED!

!testRun: #CartTest #test03CartWithOneItemManyTimes stamp: 'FK 10/30/2023 20:40:07'!
PASSED!
!CartTest methodsFor: 'as yet unclassified' stamp: 'FK 10/30/2023 20:45:56'!
test04CartCantAddBookIfAmountIsBelowOne
	| cart clientId password isbn |
	password := 'contrasenia'.
	clientId := 1234567.
	isbn := '026204630X'.
	cart := Cart forClient: clientId withPassword: password.
	self should: [cart addBook: isbn quantity: -1]
		raise: Error
		withMessageText: 'Book quantity must be 1 or more.'.
	! !

!testRun: #CartTest #test04CartCantAddBookIfAmountIsBelowOne stamp: 'FK 10/30/2023 20:46:00'!
FAILURE!

-1 timesRepeat: [^'hola'].!
!Cart class methodsFor: 'as yet unclassified' stamp: 'FK 10/30/2023 20:48:29'!
bookToAddHasQuantityBelowOneErrorDescription
	^'Book quantity must be 1 or more'.! !
!Cart class methodsFor: 'as yet unclassified' stamp: 'FK 10/30/2023 20:48:50' prior: 50650818!
bookToAddHasQuantityBelowOneErrorDescription
	^'Book quantity must be 1 or more.'.! !
!Cart methodsFor: 'as yet unclassified' stamp: 'FK 10/30/2023 20:51:32' prior: 50650634!
addBook: isbn quantity: aNumber
	(aNumber < 1) ifTrue: [^self error: self class bookToAddHasQuantityBelowOneErrorDescription ].
	aNumber timesRepeat: [cartElements add: isbn].! !

!testRun: #CartTest #test01CreatedCartIsEmpty stamp: 'FK 10/30/2023 20:51:36'!
PASSED!

!testRun: #CartTest #test02CartWithOneItem stamp: 'FK 10/30/2023 20:51:36'!
PASSED!

!testRun: #CartTest #test03CartWithOneItemManyTimes stamp: 'FK 10/30/2023 20:51:36'!
PASSED!

!testRun: #CartTest #test04CartCantAddBookIfAmountIsBelowOne stamp: 'FK 10/30/2023 20:51:36'!
PASSED!

----SNAPSHOT----(31 October 2023 10:17:08) CuisUniversity-5981.image priorSource: 10197292!

----STARTUP---- (31 October 2023 21:25:41) as /Users/fran/Downloads/macos64/CuisUniversity-5981.image!


!testRun: #CartTest #test04CartCantAddBookIfAmountIsBelowOne stamp: 'FK 10/31/2023 21:43:05'!
PASSED!

!testRun: #CartTest #test01CreatedCartIsEmpty stamp: 'FK 10/31/2023 21:43:08'!
PASSED!

!testRun: #CartTest #test02CartWithOneItem stamp: 'FK 10/31/2023 21:43:08'!
PASSED!

!testRun: #CartTest #test03CartWithOneItemManyTimes stamp: 'FK 10/31/2023 21:43:08'!
PASSED!

!testRun: #CartTest #test04CartCantAddBookIfAmountIsBelowOne stamp: 'FK 10/31/2023 21:43:08'!
PASSED!
!CartTest methodsFor: 'as yet unclassified' stamp: 'FK 10/31/2023 21:52:24'!
test05CartListing
	| cart clientId password isbn1 isbn2 expectedText |
	password := 'contrasenia'.
	clientId := 1234567.
	isbn1 := '026204630X'.
	isbn2 := '026204631X'.
	cart := Cart forClient: clientId withPassword: password.
	cart addBook: isbn1 quantity: 1.
	cart addBook: isbn2 quantity: 2.
	expectedText := isbn1, '1', Character newLineCharacter asString,
				   isbn2, '2', Character newLineCharacter asString.
	self assert: cart listCart = expectedText.
	! !

!testRun: #CartTest #test05CartListing stamp: 'FK 10/31/2023 21:52:30'!
ERROR!
!Cart methodsFor: 'as yet unclassified' stamp: 'FK 10/31/2023 21:55:24'!
listCart
	^cartElements inject: '' into: [ :cartList :cartBook | cartList, cartBook ].! !
!Cart methodsFor: 'as yet unclassified' stamp: 'FK 10/31/2023 21:56:31' prior: 50650891!
listCart
	^cartElements inject: '' into: [ :cartList :cartBook | cartList, cartBook, cartBook quantity ].! !
!Cart methodsFor: 'as yet unclassified' stamp: 'FK 10/31/2023 21:57:07' prior: 50650897!
listCart
	^cartElements inject: '' into: [ :cartList :cartBook | cartList, cartBook, cartElements quantity: cartBook ].! !
!Cart methodsFor: 'as yet unclassified' stamp: 'FK 10/31/2023 21:58:04'!
quantity: anIsbn
	^cartElements count: [ :cartBook | cartBook = anIsbn ].! !

!testRun: #CartTest #test01CreatedCartIsEmpty stamp: 'FK 10/31/2023 21:58:09'!
PASSED!

!testRun: #CartTest #test02CartWithOneItem stamp: 'FK 10/31/2023 21:58:09'!
PASSED!

!testRun: #CartTest #test03CartWithOneItemManyTimes stamp: 'FK 10/31/2023 21:58:09'!
PASSED!

!testRun: #CartTest #test04CartCantAddBookIfAmountIsBelowOne stamp: 'FK 10/31/2023 21:58:09'!
PASSED!

!testRun: #CartTest #test05CartListing stamp: 'FK 10/31/2023 21:58:09'!
ERROR!

!testRun: #CartTest #test05CartListing stamp: 'FK 10/31/2023 21:58:09'!
ERROR!
!Cart methodsFor: 'as yet unclassified' stamp: 'FK 10/31/2023 21:58:40' prior: 50650904!
listCart
	^cartElements inject: '' into: [ :cartList :cartBook | cartList, cartBook, (cartElements quantity: cartBook) asString].! !

!testRun: #CartTest #test01CreatedCartIsEmpty stamp: 'FK 10/31/2023 21:58:43'!
PASSED!

!testRun: #CartTest #test02CartWithOneItem stamp: 'FK 10/31/2023 21:58:43'!
PASSED!

!testRun: #CartTest #test03CartWithOneItemManyTimes stamp: 'FK 10/31/2023 21:58:44'!
PASSED!

!testRun: #CartTest #test04CartCantAddBookIfAmountIsBelowOne stamp: 'FK 10/31/2023 21:58:44'!
PASSED!

!testRun: #CartTest #test05CartListing stamp: 'FK 10/31/2023 21:58:44'!
ERROR!

!testRun: #CartTest #test05CartListing stamp: 'FK 10/31/2023 21:58:44'!
ERROR!
!Cart methodsFor: 'as yet unclassified' stamp: 'FK 10/31/2023 21:59:00' prior: 50650933!
listCart
	^cartElements inject: '' into: [ :cartList :cartBook | cartList, cartBook, (self quantity: cartBook) asString].! !
!Cart methodsFor: 'as yet unclassified' stamp: 'FK 10/31/2023 21:59:03' prior: 50650957!
listCart
	^cartElements inject: '' into: [ :cartList :cartBook | cartList, cartBook, (self quantity: cartBook) asString ].! !

!testRun: #CartTest #test01CreatedCartIsEmpty stamp: 'FK 10/31/2023 21:59:09'!
PASSED!

!testRun: #CartTest #test02CartWithOneItem stamp: 'FK 10/31/2023 21:59:09'!
PASSED!

!testRun: #CartTest #test03CartWithOneItemManyTimes stamp: 'FK 10/31/2023 21:59:09'!
PASSED!

!testRun: #CartTest #test04CartCantAddBookIfAmountIsBelowOne stamp: 'FK 10/31/2023 21:59:09'!
PASSED!

!testRun: #CartTest #test05CartListing stamp: 'FK 10/31/2023 21:59:09'!
FAILURE!

!testRun: #CartTest #test05CartListing stamp: 'FK 10/31/2023 21:59:09'!
FAILURE!
!Cart methodsFor: 'as yet unclassified' stamp: 'FK 10/31/2023 21:59:48' prior: 50650964!
listCart
	^cartElements inject: '' into: [ :cartList :cartBook | 
		cartList, cartBook, (self quantity: cartBook) asString, Character newLineCharacter asString ].! !

!testRun: #CartTest #test01CreatedCartIsEmpty stamp: 'FK 10/31/2023 22:00:10'!
PASSED!

!testRun: #CartTest #test02CartWithOneItem stamp: 'FK 10/31/2023 22:00:10'!
PASSED!

!testRun: #CartTest #test03CartWithOneItemManyTimes stamp: 'FK 10/31/2023 22:00:10'!
PASSED!

!testRun: #CartTest #test04CartCantAddBookIfAmountIsBelowOne stamp: 'FK 10/31/2023 22:00:10'!
PASSED!

!testRun: #CartTest #test05CartListing stamp: 'FK 10/31/2023 22:00:10'!
FAILURE!

!testRun: #CartTest #test05CartListing stamp: 'FK 10/31/2023 22:00:10'!
FAILURE!
!CartTest methodsFor: 'as yet unclassified' stamp: 'FK 10/31/2023 22:01:53' prior: 50650871!
test05CartListing
	| cart clientId password isbn1 isbn2 expectedText actualText|
	password := 'contrasenia'.
	clientId := 1234567.
	isbn1 := '026204630X'.
	isbn2 := '026204631X'.
	cart := Cart forClient: clientId withPassword: password.
	cart addBook: isbn1 quantity: 1.
	cart addBook: isbn2 quantity: 2.
	expectedText := isbn1, '1', Character newLineCharacter asString,
				   isbn2, '2', Character newLineCharacter asString.
	actualText := cart listCart.
	self assert: actualText = expectedText.
	! !

!testRun: #CartTest #test05CartListing stamp: 'FK 10/31/2023 22:01:54'!
FAILURE!

----End fileIn of /Users/fran/Downloads/macos64/Packages/TerseGuide.pck.st----!

| dic |!

dic := Dictionary new.!

dic := Dictionary new.!

dic add: '1234'->2!

dic add: '1234'->2.!

dic add: '2345'->1.!

dic add: '2345'->1.!

dic size.!

dic at: '1234'.!
!Cart methodsFor: 'as yet unclassified' stamp: 'FK 10/31/2023 22:08:36' prior: 50650605!
initializeWithClientId: aClientId
	cartId := aClientId.
	cartElements := Dictionary new.! !

dic isEmpty.!

dic keys.!
!Cart methodsFor: 'as yet unclassified' stamp: 'FK 10/31/2023 22:09:47' prior: 50650830!
addBook: isbn quantity: aNumber
	(aNumber < 1) ifTrue: [^self error: self class bookToAddHasQuantityBelowOneErrorDescription ].
	cartElements add: isbn->aNumber.! !
!Cart methodsFor: 'as yet unclassified' stamp: 'FK 10/31/2023 22:10:04' prior: 50650752!
hasBook: isbn times: aNumber
	^aNumber = (cartElements at: isbn).! !
!Cart methodsFor: 'as yet unclassified' stamp: 'FK 10/31/2023 22:12:35' prior: 50650988!
listCart
	| cartBooks |
	cartBooks := cartElements keys.
	^cartBooks inject: '' into: [ :cartList :cartBook | 
		cartList, cartBook, (cartElements at: cartBook) asString, Character newLineCharacter asString ].! !

!testRun: #CartTest #test01CreatedCartIsEmpty stamp: 'FK 10/31/2023 22:12:39'!
PASSED!

!testRun: #CartTest #test02CartWithOneItem stamp: 'FK 10/31/2023 22:12:39'!
PASSED!

!testRun: #CartTest #test03CartWithOneItemManyTimes stamp: 'FK 10/31/2023 22:12:39'!
PASSED!

!testRun: #CartTest #test04CartCantAddBookIfAmountIsBelowOne stamp: 'FK 10/31/2023 22:12:39'!
PASSED!

!testRun: #CartTest #test05CartListing stamp: 'FK 10/31/2023 22:12:39'!
FAILURE!

!testRun: #CartTest #test05CartListing stamp: 'FK 10/31/2023 22:12:39'!
FAILURE!
!CartTest methodsFor: 'as yet unclassified' stamp: 'FK 10/31/2023 22:13:32' prior: 50651013!
test05CartListing
	| cart clientId password isbn1 isbn2 expectedText actualText|
	password := 'contrasenia'.
	clientId := 1234567.
	isbn1 := '026204630X'.
	isbn2 := '026204631X'.
	cart := Cart forClient: clientId withPassword: password.
	cart addBook: isbn1 quantity: 1.
	cart addBook: isbn2 quantity: 2.
	expectedText := isbn2, '2', Character newLineCharacter asString,
				   isbn1, '1', Character newLineCharacter asString.
	actualText := cart listCart.
	self assert: actualText = expectedText.
	! !

!testRun: #CartTest #test01CreatedCartIsEmpty stamp: 'FK 10/31/2023 22:13:36'!
PASSED!

!testRun: #CartTest #test02CartWithOneItem stamp: 'FK 10/31/2023 22:13:36'!
PASSED!

!testRun: #CartTest #test03CartWithOneItemManyTimes stamp: 'FK 10/31/2023 22:13:36'!
PASSED!

!testRun: #CartTest #test04CartCantAddBookIfAmountIsBelowOne stamp: 'FK 10/31/2023 22:13:36'!
PASSED!

!testRun: #CartTest #test05CartListing stamp: 'FK 10/31/2023 22:13:36'!
PASSED!

!methodRemoval: Cart #quantity: stamp: 'FK 10/31/2023 22:13:47'!
quantity: anIsbn
	^cartElements count: [ :cartBook | cartBook = anIsbn ].!
!CartTest methodsFor: 'as yet unclassified' stamp: 'FK 10/31/2023 22:15:33' prior: 50654006!
test05CartListing
	| cart clientId password isbn1 isbn2 expectedText actualText|
	password := 'contrasenia'.
	clientId := 1234567.
	isbn1 := '026204630X'.
	isbn2 := '026204631X'.
	cart := Cart forClient: clientId withPassword: password.
	cart addBook: isbn1 quantity: 1.
	cart addBook: isbn2 quantity: 2.
	expectedText := isbn2, '2', ' | ',
				   isbn1, '1', ' | '.
	actualText := cart listCart.
	self assert: actualText = expectedText.
	! !
!Cart methodsFor: 'as yet unclassified' stamp: 'FK 10/31/2023 22:16:05' prior: 50653979!
listCart
	| cartBooks |
	cartBooks := cartElements keys.
	^cartBooks inject: '' into: [ :cartList :cartBook | 
		cartList, cartBook, ' | ', (cartElements at: cartBook) asString, ' | ' ].! !
!CartTest methodsFor: 'as yet unclassified' stamp: 'FK 10/31/2023 22:16:37' prior: 50654044!
test05CartListing
	| cart clientId password isbn1 isbn2 expectedText actualText|
	password := 'contrasenia'.
	clientId := 1234567.
	isbn1 := '026204630X'.
	isbn2 := '026204631X'.
	cart := Cart forClient: clientId withPassword: password.
	cart addBook: isbn1 quantity: 1.
	cart addBook: isbn2 quantity: 2.
	expectedText := isbn2, ' | ', '2', ' | ',
				   isbn1, ' | ', '1', ' | '.
	actualText := cart listCart.
	self assert: actualText = expectedText.
	! !

!testRun: #CartTest #test05CartListing stamp: 'FK 10/31/2023 22:16:40'!
PASSED!

!testRun: #CartTest #test01CreatedCartIsEmpty stamp: 'FK 10/31/2023 22:16:40'!
PASSED!

!testRun: #CartTest #test02CartWithOneItem stamp: 'FK 10/31/2023 22:16:40'!
PASSED!

!testRun: #CartTest #test03CartWithOneItemManyTimes stamp: 'FK 10/31/2023 22:16:40'!
PASSED!

!testRun: #CartTest #test04CartCantAddBookIfAmountIsBelowOne stamp: 'FK 10/31/2023 22:16:40'!
PASSED!

!testRun: #CartTest #test05CartListing stamp: 'FK 10/31/2023 22:16:40'!
PASSED!

!testRun: #CartTest #test05CartListing stamp: 'FK 10/31/2023 22:16:51'!
PASSED!

!testRun: #CartTest #test01CreatedCartIsEmpty stamp: 'FK 10/31/2023 22:16:51'!
PASSED!

!testRun: #CartTest #test02CartWithOneItem stamp: 'FK 10/31/2023 22:16:51'!
PASSED!

!testRun: #CartTest #test03CartWithOneItemManyTimes stamp: 'FK 10/31/2023 22:16:51'!
PASSED!

!testRun: #CartTest #test04CartCantAddBookIfAmountIsBelowOne stamp: 'FK 10/31/2023 22:16:51'!
PASSED!

!testRun: #CartTest #test05CartListing stamp: 'FK 10/31/2023 22:16:51'!
PASSED!

TestCase subclass: #CreditCardTest
	instanceVariableNames: ''
	classVariableNames: ''
	poolDictionaries: ''
	category: 'TusLibros'!

!classDefinition: #CreditCardTest category: 'TusLibros' stamp: 'FK 10/31/2023 22:30:03'!
TestCase subclass: #CreditCardTest
	instanceVariableNames: ''
	classVariableNames: ''
	poolDictionaries: ''
	category: 'TusLibros'!

Date year: 2023 month: 31!

Date year: 2023 month: 12!

Date year: 2023 month: 11!

1 // 2023!

Date today!

Date newDay: 12 month: #July year: 1999!

12 july !

Date today!

Date today!

Date month: 12 year: 1998!

Date month: 11 year: 1998!

Date month:  October year: 2023 !

October / 2023!

October / 12 / 2023!

(October / 12 / 2023) class!

(October / 31 / 2023) !

(October / 30 / 2023) monthOfYear !

August class!

August class!

October isObject !

October // 2023!

October ofYear: 2023!

October ofYear: 2023 !

October ofYear: 2023 !

(December ofYear: 2022) < (October ofYear: 2023)!

(December ofYear: 2022) > (October ofYear: 2023)!

!classDefinition: #CreditCardChecker category: 'TusLibros' stamp: 'FK 10/31/2023 22:53:42'!
Object subclass: #CreditCardChecker
	instanceVariableNames: ''
	classVariableNames: ''
	poolDictionaries: ''
	category: 'TusLibros'!
!CreditCardTest methodsFor: 'nil' stamp: 'FK 10/31/2023 22:53:32'!
test01CreditCardNumberCannotBeEmpty
	| aCreditCardNumber expiration anOwner anAmount|
	aCreditCardNumber := '5400000000000001'.
	expiration := December ofYear: 2044.
	anOwner := 'Pepe Sanchez'.
	anAmount := '12.13'.
	 CreditCardChecker 
		withCCNumber: aCreditCardNumber 
		expirationDate: expiration
		owner: anOwner
		andAmount: anAmount! !
!CreditCardTest class methodsFor: 'nil' stamp: 'FK 10/31/2023 22:55:19'!
withCCNumber: aCreditCardNumber expirationDate: expiration owner: anOwner andAmount: anAmount
	self new 
		initializeWithCCNumber: aCreditCardNumber
		expiration: expiration
		owner: anOwner 
		amount: anAmount.! !
!CreditCardTest class methodsFor: 'nil' stamp: 'FK 10/31/2023 22:55:19' prior: 50654172!
withCCNumber: aCreditCardNumber expirationDate: expiration owner: anOwner andAmount: anAmount
	self new 
		initializeWithCCNumber: aCreditCardNumber
		expiration: expiration
		owner: anOwner 
		amount: anAmount.! !

!classDefinition: #CreditCardTest category: 'TusLibros' stamp: 'FK 10/31/2023 22:57:13'!
TestCase subclass: #CreditCardTest
	instanceVariableNames: 'creditCardNumber'
	classVariableNames: ''
	poolDictionaries: ''
	category: 'TusLibros'!

!classDefinition: #CreditCardTest category: 'TusLibros' stamp: 'FK 10/31/2023 22:57:15'!
TestCase subclass: #CreditCardTest
	instanceVariableNames: 'creditCardNumber expirationDate'
	classVariableNames: ''
	poolDictionaries: ''
	category: 'TusLibros'!

!classDefinition: #CreditCardTest category: 'TusLibros' stamp: 'FK 10/31/2023 22:57:16'!
TestCase subclass: #CreditCardTest
	instanceVariableNames: 'creditCardNumber expirationDate owner'
	classVariableNames: ''
	poolDictionaries: ''
	category: 'TusLibros'!

!classDefinition: #CreditCardTest category: 'TusLibros' stamp: 'FK 10/31/2023 22:57:17'!
TestCase subclass: #CreditCardTest
	instanceVariableNames: 'creditCardNumber expirationDate owner amount'
	classVariableNames: ''
	poolDictionaries: ''
	category: 'TusLibros'!
!CreditCardTest methodsFor: 'nil' stamp: 'FK 10/31/2023 22:57:11'!
initializeWithCCNumber: aCreditCardNumber expiration: expiration owner: anOwner amount: anAmount.
	creditCardNumber := aCreditCardNumber.
	expirationDate  := expiration.
	owner := anOwner. 
	amount := anAmount.! !

!classDefinition: #CreditCardChecker category: 'TusLibros' stamp: 'FK 10/31/2023 22:57:32'!
Object subclass: #CreditCardChecker
	instanceVariableNames: 'creditCardNumber'
	classVariableNames: ''
	poolDictionaries: ''
	category: 'TusLibros'!

!classDefinition: #CreditCardChecker category: 'TusLibros' stamp: 'FK 10/31/2023 22:57:33'!
Object subclass: #CreditCardChecker
	instanceVariableNames: 'creditCardNumber expirationDate'
	classVariableNames: ''
	poolDictionaries: ''
	category: 'TusLibros'!

!classDefinition: #CreditCardChecker category: 'TusLibros' stamp: 'FK 10/31/2023 22:57:34'!
Object subclass: #CreditCardChecker
	instanceVariableNames: 'creditCardNumber expirationDate owner'
	classVariableNames: ''
	poolDictionaries: ''
	category: 'TusLibros'!

!classDefinition: #CreditCardChecker category: 'TusLibros' stamp: 'FK 10/31/2023 22:57:35'!
Object subclass: #CreditCardChecker
	instanceVariableNames: 'creditCardNumber expirationDate owner amount'
	classVariableNames: ''
	poolDictionaries: ''
	category: 'TusLibros'!
!CreditCardChecker methodsFor: 'nil' stamp: 'FK 10/31/2023 22:57:30'!
initializeWithCCNumber: aCreditCardNumber expiration: expiration owner: anOwner amount: anAmount.
	creditCardNumber := aCreditCardNumber.
	expirationDate  := expiration.
	owner := anOwner. 
	amount := anAmount.! !

!methodRemoval: CreditCardTest #initializeWithCCNumber:expiration:owner:amount: stamp: 'FK 10/31/2023 22:57:46'!
initializeWithCCNumber: aCreditCardNumber expiration: expiration owner: anOwner amount: anAmount.
	creditCardNumber := aCreditCardNumber.
	expirationDate  := expiration.
	owner := anOwner. 
	amount := anAmount.!

!methodRemoval: CreditCardTest class #withCCNumber:expirationDate:owner:andAmount: stamp: 'FK 10/31/2023 22:57:53'!
withCCNumber: aCreditCardNumber expirationDate: expiration owner: anOwner andAmount: anAmount
	self new 
		initializeWithCCNumber: aCreditCardNumber
		expiration: expiration
		owner: anOwner 
		amount: anAmount.!
!CreditCardChecker class methodsFor: 'nil' stamp: 'FK 10/31/2023 22:58:02'!
withCCNumber: aCreditCardNumber expirationDate: expiration owner: anOwner andAmount: anAmount
	self new 
		initializeWithCCNumber: aCreditCardNumber
		expiration: expiration
		owner: anOwner 
		amount: anAmount.! !

!classDefinition: #CreditCardTest category: 'TusLibros' stamp: 'FK 10/31/2023 23:01:13'!
TestCase subclass: #CreditCardTest
	instanceVariableNames: 'creditCardNumber expirationDate owner amount creditCardChecker'
	classVariableNames: ''
	poolDictionaries: ''
	category: 'TusLibros'!
!CreditCardTest methodsFor: 'as yet unclassified' stamp: 'FK 10/31/2023 23:01:16' prior: 50654159!
test01CreditCardNumberCannotBeEmpty
	| aCreditCardNumber expiration anOwner anAmount|
	aCreditCardNumber := '5400000000000001'.
	expiration := December ofYear: 2044.
	anOwner := 'Pepe Sanchez'.
	anAmount := '12.13'.
	creditCardChecker :=  CreditCardChecker 
		withCCNumber: aCreditCardNumber 
		expirationDate: expiration
		owner: anOwner
		andAmount: anAmount.
	self 
		should: [creditCardChecker check]
		raise: Error
		withMessageText: 'Credit Card Number is not valid'.! !

!testRun: #CreditCardTest #test01CreditCardNumberCannotBeEmpty stamp: 'FK 10/31/2023 23:01:24'!
FAILURE!
!CreditCardChecker methodsFor: 'nil' stamp: 'FK 10/31/2023 23:03:06'!
check
	self error: 'Credit card number is not valid'.! !

!testRun: #CreditCardTest #test01CreditCardNumberCannotBeEmpty stamp: 'FK 10/31/2023 23:03:11'!
FAILURE!

!testRun: #CreditCardTest #test01CreditCardNumberCannotBeEmpty stamp: 'FK 10/31/2023 23:03:11'!
FAILURE!
!CreditCardTest methodsFor: 'as yet unclassified' stamp: 'FK 10/31/2023 23:03:27' prior: 50654314!
test01CreditCardNumberCannotBeEmpty
	| aCreditCardNumber expiration anOwner anAmount|
	aCreditCardNumber := '5400000000000001'.
	expiration := December ofYear: 2044.
	anOwner := 'Pepe Sanchez'.
	anAmount := '12.13'.
	creditCardChecker :=  CreditCardChecker 
		withCCNumber: aCreditCardNumber 
		expirationDate: expiration
		owner: anOwner
		andAmount: anAmount.
	self 
		should: [creditCardChecker check]
		raise: Error
		withMessageText: 'Credit Card Number is not valid'.! !

!testRun: #CreditCardTest #test01CreditCardNumberCannotBeEmpty stamp: 'FK 10/31/2023 23:03:29'!
FAILURE!

!testRun: #CreditCardTest #test01CreditCardNumberCannotBeEmpty stamp: 'FK 10/31/2023 23:04:37'!
FAILURE!
!CreditCardChecker methodsFor: 'as yet unclassified' stamp: 'FK 10/31/2023 23:04:47' prior: 50654335!
check
	^self error: 'Credit card number is not valid'.! !

!testRun: #CreditCardTest #test01CreditCardNumberCannotBeEmpty stamp: 'FK 10/31/2023 23:04:48'!
FAILURE!

!testRun: #CreditCardTest #test01CreditCardNumberCannotBeEmpty stamp: 'FK 10/31/2023 23:04:48'!
FAILURE!
!CreditCardTest methodsFor: 'as yet unclassified' stamp: 'FK 10/31/2023 23:05:03' prior: 50654347!
test01CreditCardNumberCannotBeEmpty
	| aCreditCardNumber expiration anOwner anAmount|
	aCreditCardNumber := '5400000000000001'.
	expiration := December ofYear: 2044.
	anOwner := 'Pepe Sanchez'.
	anAmount := '12.13'.
	creditCardChecker :=  CreditCardChecker 
		withCCNumber: aCreditCardNumber 
		expirationDate: expiration
		owner: anOwner
		andAmount: anAmount.
	self 
		should: creditCardChecker check
		raise: Error
		withMessageText: 'Credit Card Number is not valid'.! !

!testRun: #CreditCardTest #test01CreditCardNumberCannotBeEmpty stamp: 'FK 10/31/2023 23:05:04'!
ERROR!

!testRun: #CreditCardTest #test01CreditCardNumberCannotBeEmpty stamp: 'FK 10/31/2023 23:05:28'!
ERROR!
!CreditCardChecker class methodsFor: 'as yet unclassified' stamp: 'FK 10/31/2023 23:05:51' prior: 50654295!
withCCNumber: aCreditCardNumber expirationDate: expiration owner: anOwner andAmount: anAmount
	^self new 
		initializeWithCCNumber: aCreditCardNumber
		expiration: expiration
		owner: anOwner 
		amount: anAmount.! !

!testRun: #CreditCardTest #test01CreditCardNumberCannotBeEmpty stamp: 'FK 10/31/2023 23:05:53'!
ERROR!

!testRun: #CreditCardTest #test01CreditCardNumberCannotBeEmpty stamp: 'FK 10/31/2023 23:05:53'!
ERROR!
!CreditCardTest methodsFor: 'as yet unclassified' stamp: 'FK 10/31/2023 23:06:06' prior: 50654384!
test01CreditCardNumberCannotBeEmpty
	| aCreditCardNumber expiration anOwner anAmount|
	aCreditCardNumber := '5400000000000001'.
	expiration := December ofYear: 2044.
	anOwner := 'Pepe Sanchez'.
	anAmount := '12.13'.
	creditCardChecker :=  CreditCardChecker 
		withCCNumber: aCreditCardNumber 
		expirationDate: expiration
		owner: anOwner
		andAmount: anAmount.
	self 
		should: [creditCardChecker check]
		raise: Error
		withMessageText: 'Credit Card Number is not valid'.! !

!testRun: #CreditCardTest #test01CreditCardNumberCannotBeEmpty stamp: 'FK 10/31/2023 23:06:10'!
FAILURE!
!CreditCardChecker methodsFor: 'as yet unclassified' stamp: 'FK 10/31/2023 23:06:30' prior: 50654372!
check
	^self error: 'Credit Card number is not valid'.! !

!testRun: #CreditCardTest #test01CreditCardNumberCannotBeEmpty stamp: 'FK 10/31/2023 23:06:31'!
FAILURE!

!testRun: #CreditCardTest #test01CreditCardNumberCannotBeEmpty stamp: 'FK 10/31/2023 23:06:31'!
FAILURE!
!CreditCardChecker methodsFor: 'as yet unclassified' stamp: 'FK 10/31/2023 23:06:59' prior: 50654448!
check
	^self error: 'Credit Card Number is not valid'.! !

!testRun: #CreditCardTest #test01CreditCardNumberCannotBeEmpty stamp: 'FK 10/31/2023 23:07:01'!
PASSED!
!CreditCardChecker methodsFor: 'as yet unclassified' stamp: 'FK 10/31/2023 23:07:27' prior: 50654460!
check
	^self error: (self class errorMessageCreditCardNumberIsEmpty).! !

!testRun: #CreditCardTest #test01CreditCardNumberCannotBeEmpty stamp: 'FK 10/31/2023 23:07:46'!
FAILURE!
!CreditCardChecker class methodsFor: 'nil' stamp: 'FK 10/31/2023 23:09:02'!
errorMessageCreditCardNumberIsEmpty
	^'Credit Card Number is not valid'! !

!testRun: #CreditCardTest #test01CreditCardNumberCannotBeEmpty stamp: 'FK 10/31/2023 23:09:04'!
PASSED!
!CreditCardTest methodsFor: 'as yet unclassified' stamp: 'FK 10/31/2023 23:09:32' prior: 50654426!
test01CreditCardNumberCannotBeEmpty
	| aCreditCardNumber expiration anOwner anAmount|
	aCreditCardNumber := ''.
	expiration := December ofYear: 2044.
	anOwner := 'Pepe Sanchez'.
	anAmount := '12.13'.
	creditCardChecker :=  CreditCardChecker 
		withCCNumber: aCreditCardNumber 
		expirationDate: expiration
		owner: anOwner
		andAmount: anAmount.
	self 
		should: [creditCardChecker check]
		raise: Error
		withMessageText: 'Credit Card Number is not valid'.! !

!testRun: #CreditCardTest #test01CreditCardNumberCannotBeEmpty stamp: 'FK 10/31/2023 23:09:33'!
PASSED!

!testRun: #CreditCardTest #test01CreditCardNumberCannotBeEmpty stamp: 'FK 10/31/2023 23:09:33'!
PASSED!
!CreditCardChecker methodsFor: 'as yet unclassified' stamp: 'FK 10/31/2023 23:10:27' prior: 50654469!
check
	^(creditCardNumber isEmpty) ifTrue: [ self error: (self class errorMessageCreditCardNumberIsEmpty). ]! !

!testRun: #CreditCardTest #test01CreditCardNumberCannotBeEmpty stamp: 'FK 10/31/2023 23:10:28'!
PASSED!
!CreditCardTest methodsFor: 'as yet unclassified' stamp: 'FK 10/31/2023 23:12:54' prior: 50654486!
test01CreditCardNumberCannotBeEmpty
	| aCreditCardNumber expiration anOwner anAmount|
	aCreditCardNumber := ''.
	expiration := December ofYear: 2044.
	anOwner := 'Pepe Sanchez'.
	anAmount := '12.13'.
	creditCardChecker := 
	 CreditCardChecker 
		withCCNumber: aCreditCardNumber 
		expirationDate: expiration
		owner: anOwner
		andAmount: anAmount.
	self 
		should: [creditCardChecker check]
		raise: Error
		withMessageText: 'Credit Card Number is not valid'.! !

!testRun: #CreditCardTest #test01CreditCardNumberCannotBeEmpty stamp: 'FK 10/31/2023 23:12:55'!
PASSED!

!testRun: #CreditCardTest #test01CreditCardNumberCannotBeEmpty stamp: 'FK 10/31/2023 23:12:55'!
PASSED!
!CreditCardTest methodsFor: 'as yet unclassified' stamp: 'FK 10/31/2023 23:13:13' prior: 50654521!
test01CreditCardNumberCannotBeEmpty
	| aCreditCardNumber expiration anOwner anAmount|
	aCreditCardNumber := ''.
	expiration := December ofYear: 2044.
	anOwner := 'Pepe Sanchez'.
	anAmount := '12.13'.
	creditCardChecker := 
	 	CreditCardChecker 
			withCCNumber: aCreditCardNumber 
			expirationDate: expiration
			owner: anOwner
			andAmount: anAmount.
	self 
		should: [creditCardChecker check]
		raise: Error
		withMessageText: 'Credit Card Number is not valid'.! !

!testRun: #CreditCardTest #test01CreditCardNumberCannotBeEmpty stamp: 'FK 10/31/2023 23:13:14'!
PASSED!

!testRun: #CreditCardTest #test01CreditCardNumberCannotBeEmpty stamp: 'FK 10/31/2023 23:13:14'!
PASSED!
!CreditCardTest methodsFor: 'as yet unclassified' stamp: 'FK 10/31/2023 23:16:06'!
test02ExpiredCreditCardDoesNotPassCheck
	| aCreditCardNumber expiration anOwner anAmount|
	aCreditCardNumber := ''.
	expiration := December ofYear: 1998.
	anOwner := 'Pepe Sanchez'.
	anAmount := '12.13'.
	creditCardChecker := 
	 	CreditCardChecker 
			withCCNumber: aCreditCardNumber 
			expirationDate: expiration
			owner: anOwner
			andAmount: anAmount.
	self 
		should: [creditCardChecker check]
		raise: Error
		withMessageText: 'Credit Card Number is expired'.! !

!testRun: #CreditCardTest #test02ExpiredCreditCardDoesNotPassCheck stamp: 'FK 10/31/2023 23:16:07'!
FAILURE!
!CreditCardTest methodsFor: 'as yet unclassified' stamp: 'FK 10/31/2023 23:16:38' prior: 50654570!
test02ExpiredCreditCardDoesNotPassCheck
	| aCreditCardNumber expiration anOwner anAmount|
	aCreditCardNumber := '5400000000000001'.
	expiration := December ofYear: 1998.
	anOwner := 'Pepe Sanchez'.
	anAmount := '12.13'.
	creditCardChecker := 
	 	CreditCardChecker 
			withCCNumber: aCreditCardNumber 
			expirationDate: expiration
			owner: anOwner
			andAmount: anAmount.
	self 
		should: [creditCardChecker check]
		raise: Error
		withMessageText: 'Credit Card Number is expired'.! !

!testRun: #CreditCardTest #test02ExpiredCreditCardDoesNotPassCheck stamp: 'FK 10/31/2023 23:16:38'!
FAILURE!

Date today > (October of: 2023)!

FixedGregorianDate today!

FixedGregorianDate today > October ofYear: 2024!

(FixedGregorianDate today) > October ofYear: 2024!

(FixedGregorianDate today) > (October ofYear: 2024)!

(FixedGregorianDate today) !

(FixedGregorianDate today) > (FixedGregorianDate today)!

(FixedGregorianDate today) > (FixedGregorianDate yesterday)!

(FixedGregorianDate today) > (October)!

(FixedGregorianDate year) > (October)!

(FixedGregorianDate today month) > (October)!

(FixedGregorianDate today ) < (October)!

(FixedGregorianDate today ) < (October ofYear: 2023)!

(FixedGregorianDate today ) < (October ofYear: 2023)!

(FixedGregorianDate today ) < (October ofYear: 2023)!

Date today!

(Date today) month !

(Date today) monthOfYear !

(Date today) month!

(Date today) month!

(Date today) month == (October ofYear: 2023)!

((Date today) month) == (October ofYear: 2023)!

((Date today) month) == (October ofYear: 2023)!

((Date today) month) == (October ofYear: 2023)!

((Date today) month) > (October ofYear: 2023)!

((Date today) month) = (October ofYear: 2023)!

((Date today) month) < (September ofYear: 2023)!

(October ofYear: 2023)!

(October ofYear: 2023) class!

GregorianDate today!

(October ofYear: 2023)!

(October ofYear: 2023) class!

GregorianMonth current!

(Date today) month!

(October ofYear: 2023)!

((October ofYear: 2023) asSmalltalkDate ) > (Date today)!

((October ofYear: 2023) asSmalltalkDate ) > (Date today)!

((October ofYear: 2023) class)!

(Date today) month!

((Date today) month) class!

Date month: October year: 2023!

(Date month: October year: 2023)!

(Date month: October year: 2023) class!

GregorianMonthOfYear month: August year: 2023!

August ofYear: 2023!

(August ofYear: 2023) class!

(August ofYear: 2023) < (GregorianMonthOfYear current)!

(August ofYear: 2023) < (GregorianMonthOfYear current)!

(August ofYear: 2023) < (GregorianMonthOfYear current)!

FixedGregorianDate current!

FixedGregorianDate today !

(FixedGregorianDate today) > (October ofYear: 2023)!

(FixedGregorianDate today) between: (October ofYear: 2023)  and: (November ofYear: 2023)!

(FixedGregorianDate today) between: (October)  and: (November ofYear: 2023)!

(FixedGregorianDate today) class!

(FixedGregorianDate today) month!

(FixedGregorianDate today) year!

((FixedGregorianDate today) month) > (October)!

((FixedGregorianDate today) month) between: December and: December!

((FixedGregorianDate today) month) > October!

((FixedGregorianDate today) month) < October!

((FixedGregorianDate today) month) < October!

((FixedGregorianDate today) month) < October!

((FixedGregorianDate today) month) < (October ofYear: 2023)!

((FixedGregorianDate today) month) < ((October ofYear: 2023) month)!

((FixedGregorianDate today) month) < ((October ofYear: 2023) month)!

((FixedGregorianDate today) month) < ((November ofYear: 2023) month) false .!

((FixedGregorianDate today) month) < ((November ofYear: 2023) month)!

October / 5 / 2023 !

(October / 5 / 2023) class!
TerseGuideHelp is adapted from the Squeak terse guide by Chris Rathman (http://www.angelfire.com/tx4/cus/notes/smalltalk.html), maintained on the swiki at http://wiki.squeak.org/squeak/5699. Copyrights and credit for the original document belong to Chris Rathman.

Examples of use include:

TerseGuideHelp display: #arithmetic
TerseGuideHelp display: #array
TerseGuideHelp display: #transcript

TerseGuideHelp also serves as the model for TerseGuideWindow, which can be opened by:

TerseGuideWindow openTerseGuide
!
Show a terse guide to Cuis in a system window. The window has a text pane with a list pane beside it. The text pane is a kind of Workspace which has the behavior that statements in it can be Done (Cmd-d) or Printed (Cmd-p) in order to observe their effect.

TerseGuideWindow openTerseGuide
!
I represent a topic that can be added to the TerseGuide. Subclasses of me should implement #title and #examples. For instance:

>>title
    ^ 'Numbers'

>> examples
     ^ {
            { #code -> '4 factorial' . #category -> 'Common functions' . #description -> 'factorial' } as: Dictionary.
            { #code -> '2 even' . #category -> 'Common functions' . #description -> 'check if a number is even' } as: Dictionary.
        }!

----SNAPSHOT----(1 November 2023 00:54:57) CuisUniversity-5981.image priorSource: 10214372!

----QUIT----(1 November 2023 00:55:00) CuisUniversity-5981.image priorSource: 10337829!

----STARTUP---- (1 November 2023 21:41:06) as /Users/fran/Downloads/macos64/CuisUniversity-5981.image!


!testRun: #CreditCardTest #test02ExpiredCreditCardDoesNotPassCheck stamp: 'FK 11/1/2023 21:46:08'!
FAILURE!

!testRun: #CreditCardTest #test02ExpiredCreditCardDoesNotPassCheck stamp: 'FK 11/1/2023 21:46:08'!
FAILURE!
!CreditCardChecker methodsFor: 'as yet unclassified' stamp: 'FK 11/1/2023 21:48:59' prior: 50654511!
check
	(creditCardNumber isEmpty) ifTrue: [ ^self error: (self class errorMessageCreditCardNumberIsEmpty). ].
	(expirationDate isExpired) ifTrue: [^self error: self class errorMessageCreditCardIsExpired].! !
!CreditCardChecker class methodsFor: 'as yet unclassified' stamp: 'FK 11/1/2023 21:49:19'!
errorMessageCreditCardIsExpired
	^'Credit Card is expired'! !
!CreditCardTest methodsFor: 'as yet unclassified' stamp: 'FK 11/1/2023 21:49:39' prior: 50654592!
test02ExpiredCreditCardDoesNotPassCheck
	| aCreditCardNumber expiration anOwner anAmount|
	aCreditCardNumber := '5400000000000001'.
	expiration := December ofYear: 1998.
	anOwner := 'Pepe Sanchez'.
	anAmount := '12.13'.
	creditCardChecker := 
	 	CreditCardChecker 
			withCCNumber: aCreditCardNumber 
			expirationDate: expiration
			owner: anOwner
			andAmount: anAmount.
	self 
		should: [creditCardChecker check]
		raise: Error
		withMessageText: 'Credit Card is expired'.! !
!CreditCardChecker methodsFor: 'as yet unclassified' stamp: 'FK 11/1/2023 21:50:28' prior: 50654725!
check
	(creditCardNumber isEmpty) ifTrue: [ ^self error: (self class errorMessageCreditCardNumberIsEmpty). ].
	(self isExpired) ifTrue: [^self error: self class errorMessageCreditCardIsExpired].! !
!CreditCardChecker methodsFor: 'as yet unclassified' stamp: 'FK 11/1/2023 21:51:18'!
isExpired
	^expirationDate.
	! !

(December ofYear: 2020) class!

(December ofYear: 2020) month!

(December ofYear: 2020) year!

(December ofYear: 2020) month class!

(December ofYear: 2020) month.!

Date today!

Date today month!

Date today year!

Date today month class!

Date today month!

(December ofYear: 2020).!

Date today month.!

Date today monthName!

FixedGregorianDate today month!

(FixedGregorianDate today month) ofYear: (FixedGregorianDate today year).!

(December ofYear: 2020).!

| aD bD |!

aD := (December ofYear: 2020).!

bD := (FixedGregorianDate today month) ofYear: (FixedGregorianDate today year).!

aD < bD.!

aD := (December ofYear: 2020).!

Date today year!

aD < bD.!

aD class < bD.!

aD := (December ofYear: 2020) class!

aD := (December ofYear: 2020).!

bD := (FixedGregorianDate today month) ofYear: (FixedGregorianDate today year).!

bD class.!

aD class.!

aD class.!

aD class.!

bD class.!

aD < bD.!

aD year!

bD year!

bD year!

aD := (December ofYear: 2020) month.!

bD := (FixedGregorianDate today) month!

bD := (FixedGregorianDate today) year.!

aD := (December ofYear: 2020) year.!

bD := (Date today) year.!

bD := (GregorianDate today) year.!

bD := (Date today) year.!

bD := (DateAndTime today) year.!

bD := (FixedGregorianDate today) year.!

bD := (GregorianDate today) year.!

bD := (GregorianDay today) year.!

bD := (GregorianDayOfMonth today) year.!

bD := (GregorianDay today) year.!

bD := (GregorianDay today).!

bD := (GregorianDayOfMonth today).!

bD := (GregorianDayOfMonth today) month.!

aD := (December ofYear: 2020) class.!

bD monthOfYear !

bD := (FixedGregorianDate today).!

aD := (December ofYear: 2020).!

bD > aD!

bD distanceFrom: aD.!

aD := (FixedGregorianDate yearNumber: 2023 monthNumber: 1 dayNumber: 1).!

bD distanceFrom: aD.!

October / 8 / 2023 class!

(October / 8 / 2023) class!

bD includes: aD.!

bD < aD.!

bD > aD.!

| aD bD digits |!

digits := 052023.!

digits / 10000.!

digits // 10000.!

digits % 10000.!

digits mod: 10000.!

digits := 052023.!

aD := (FixedGregorianDate yearNumber: (digits mod: 10000) monthNumber: (digits / 10000) dayNumber: 1).!

bD := (FixedGregorianDate today).!

bD > aD.!

bD < aD.!

						(FixedGregorianDate yearNumber: 2004 monthNumber: 1 dayNumber: 1)!

((FixedGregorianDate yearNumber: 2004 monthNumber: 1 dayNumber: 1) distanceTo: (FixedGregorianDate yearNumber: 2004 monthNumber: 1 dayNumber: 1))!

((FixedGregorianDate today) distanceTo: (FixedGregorianDate yearNumber: 2004 monthNumber: 1 dayNumber: 1)).!

cD := October / 2023!

cD := October / 2023.!

cD monthNumber !

(FixedGregorianDate today)!

(FixedGregorianDate today) month!

(FixedGregorianDate today) year!

(FixedGregorianDate today) = (cD year)!

cD := October ofYear: 2023.!

(FixedGregorianDate today year) = (cD year)!

October / 7 / 2023.!

October / 7 / 2023 class!

(October / 7 / 2023) class!
!CreditCardTest methodsFor: 'as yet unclassified' stamp: 'FK 11/1/2023 22:42:09' prior: 50654546!
test01CreditCardNumberCannotBeEmpty
	| aCreditCardNumber expiration anOwner anAmount|
	aCreditCardNumber := ''.
	expiration := 122044.
	anOwner := 'Pepe Sanchez'.
	anAmount := '12.13'.
	creditCardChecker := 
	 	CreditCardChecker 
			withCCNumber: aCreditCardNumber 
			expirationDate: expiration
			owner: anOwner
			andAmount: anAmount.
	self 
		should: [creditCardChecker check]
		raise: Error
		withMessageText: 'Credit Card Number is not valid'.! !
!CreditCardTest methodsFor: 'as yet unclassified' stamp: 'FK 11/1/2023 22:42:17' prior: 50654740!
test02ExpiredCreditCardDoesNotPassCheck
	| aCreditCardNumber expiration anOwner anAmount|
	aCreditCardNumber := '5400000000000001'.
	expiration := 121998.
	anOwner := 'Pepe Sanchez'.
	anAmount := '12.13'.
	creditCardChecker := 
	 	CreditCardChecker 
			withCCNumber: aCreditCardNumber 
			expirationDate: expiration
			owner: anOwner
			andAmount: anAmount.
	self 
		should: [creditCardChecker check]
		raise: Error
		withMessageText: 'Credit Card is expired'.! !
!CreditCardChecker methodsFor: 'as yet unclassified' stamp: 'FK 11/1/2023 22:45:34' prior: 50654768!
isExpired
	| expirationDateAsFGD todayDate |

	expirationDateAsFGD := FixedGregorianDate yearNumber: (expirationDate mod: 10000) 
										    monthNumber: (expirationDate / 10000) 
										    dayNumber: 1.
	todayDate := (FixedGregorianDate today).
	^expirationDateAsFGD < todayDate.! !

!testRun: #CreditCardTest #test01CreditCardNumberCannotBeEmpty stamp: 'FK 11/1/2023 22:45:38'!
PASSED!

!testRun: #CreditCardTest #test02ExpiredCreditCardDoesNotPassCheck stamp: 'FK 11/1/2023 22:45:38'!
FAILURE!

!testRun: #CreditCardTest #test02ExpiredCreditCardDoesNotPassCheck stamp: 'FK 11/1/2023 22:45:38'!
FAILURE!

!testRun: #CreditCardTest #test02ExpiredCreditCardDoesNotPassCheck stamp: 'FK 11/1/2023 22:47:04'!
FAILURE!
!CreditCardChecker methodsFor: 'as yet unclassified' stamp: 'FK 11/1/2023 22:47:37' prior: 50654898!
isExpired
	| expirationDateAsFGD todayDate |

	expirationDateAsFGD := (FixedGregorianDate yearNumber: (expirationDate mod: 10000) 
										    monthNumber: (expirationDate / 10000) 
										    dayNumber: 1).
	todayDate := (FixedGregorianDate today).
	^expirationDateAsFGD < todayDate.! !

!testRun: #CreditCardTest #test01CreditCardNumberCannotBeEmpty stamp: 'FK 11/1/2023 22:47:40'!
PASSED!

!testRun: #CreditCardTest #test02ExpiredCreditCardDoesNotPassCheck stamp: 'FK 11/1/2023 22:47:40'!
FAILURE!

!testRun: #CreditCardTest #test02ExpiredCreditCardDoesNotPassCheck stamp: 'FK 11/1/2023 22:47:40'!
FAILURE!

!testRun: #CreditCardTest #test02ExpiredCreditCardDoesNotPassCheck stamp: 'FK 11/1/2023 22:48:23'!
FAILURE!

!testRun: #CreditCardTest #test02ExpiredCreditCardDoesNotPassCheck stamp: 'FK 11/1/2023 22:49:01'!
FAILURE!

!testRun: #CreditCardTest #test02ExpiredCreditCardDoesNotPassCheck stamp: 'FK 11/1/2023 22:50:04'!
FAILURE!
!CreditCardChecker methodsFor: 'as yet unclassified' stamp: 'FK 11/1/2023 22:51:30' prior: 50654924!
isExpired
	| expDate todayDate |

	expDate := (FixedGregorianDate yearNumber: (expirationDate mod: 10000) monthNumber: (expirationDate / 10000) dayNumber: 1).
	todayDate := (FixedGregorianDate today).
	^expDate < todayDate.! !
!CreditCardChecker methodsFor: 'as yet unclassified' stamp: 'FK 11/1/2023 22:51:49' prior: 50654957!
isExpired
	| expDate todayDate |

	expDate := (FixedGregorianDate yearNumber: (expirationDate mod: 10000) monthNumber: (expirationDate / 10000) dayNumber: 1).
	todayDate := (FixedGregorianDate today).
	^(expDate < todayDate).! !

!testRun: #CreditCardTest #test01CreditCardNumberCannotBeEmpty stamp: 'FK 11/1/2023 22:51:52'!
PASSED!

!testRun: #CreditCardTest #test02ExpiredCreditCardDoesNotPassCheck stamp: 'FK 11/1/2023 22:51:52'!
FAILURE!

!testRun: #CreditCardTest #test02ExpiredCreditCardDoesNotPassCheck stamp: 'FK 11/1/2023 22:51:52'!
FAILURE!

!testRun: #CreditCardTest #test01CreditCardNumberCannotBeEmpty stamp: 'FK 11/1/2023 22:52:09'!
PASSED!

!testRun: #CreditCardTest #test02ExpiredCreditCardDoesNotPassCheck stamp: 'FK 11/1/2023 22:53:01'!
FAILURE!
!CreditCardChecker methodsFor: 'as yet unclassified' stamp: 'FK 11/1/2023 22:54:29' prior: 50654968!
isExpired
	| expDate todayDate exp1 exp2 exp3 |

	exp1 := (expirationDate mod: 10000).
	exp2 := (expirationDate / 10000).
	exp3 := 1.
	expDate := (FixedGregorianDate yearNumber: exp1 monthNumber: exp2 dayNumber: exp3).
	todayDate := (FixedGregorianDate today).
	^(expDate < todayDate).! !

digits / 10000.!

digits // 10000.!
!CreditCardChecker methodsFor: 'as yet unclassified' stamp: 'FK 11/1/2023 22:47:37' prior: 50654996!
isExpired
	| expirationDateAsFGD todayDate |

	expirationDateAsFGD := (FixedGregorianDate yearNumber: (expirationDate mod: 10000) 
										    monthNumber: (expirationDate / 10000) 
										    dayNumber: 1).
	todayDate := (FixedGregorianDate today).
	^expirationDateAsFGD < todayDate.! !
!CreditCardChecker methodsFor: 'as yet unclassified' stamp: 'FK 11/1/2023 22:56:12' prior: 50655010!
isExpired
	| expirationDateAsFGD todayDate |

	expirationDateAsFGD := (FixedGregorianDate yearNumber: (expirationDate mod: 10000) 
										    monthNumber: (expirationDate // 10000) 
										    dayNumber: 1).
	todayDate := (FixedGregorianDate today).
	^expirationDateAsFGD < todayDate.! !

!testRun: #CreditCardTest #test01CreditCardNumberCannotBeEmpty stamp: 'FK 11/1/2023 22:56:15'!
PASSED!

!testRun: #CreditCardTest #test02ExpiredCreditCardDoesNotPassCheck stamp: 'FK 11/1/2023 22:56:15'!
PASSED!
!CreditCardTest methodsFor: 'as yet unclassified' stamp: 'FK 11/1/2023 23:02:28'!
test03CreditCardOwnerNameWithMoreThan30CharacterDoesNotPassCheck
	| aCreditCardNumber expiration anOwner anAmount|
	aCreditCardNumber := '5400000000000001'.
	expiration := 122024.
	anOwner := 'Adolph Blaine Charles David Earl Frederick Gerald Hubert Irvin John Kenneth Lloyd Martin Nero Oliver Paul Quincy 
				Randolph Sherman Thomas Uncas Victor William Xerxes Yancy Zeus Apollo 
				Wolfeschlegelsteinhausenbergerdorffvoralternwarengewissenhaftschaferswessenschafewarenwohlgepflegeundsorgfaltigkeitbeschutzenvonangreifendurchihrraubgierigfeindewelchevoralternzwolftausendjahresvorandieerscheinenwanderersteerdemenschderraumschiffgebrauchlichtalsseinursprungvonkraftgestartseinlangefahrthinzwischensternartigraumaufdersuchenachdiesternwelchegehabtbewohnbarplanetenkreisedrehensichundwohinderneurassevonverstandigmenschlichkeitkonntefortplanzenundsicherfreuenanlebenslanglichfreudeundruhemitnichteinfurchtvorangreifenvonandererintelligentgeschopfsvonhinzwischensternartigraum'.
	anAmount := '12.13'.
	creditCardChecker := 
	 	CreditCardChecker 
			withCCNumber: aCreditCardNumber 
			expirationDate: expiration
			owner: anOwner
			andAmount: anAmount.
	self 
		should: [creditCardChecker check]
		raise: Error
		withMessageText: 'Owner name is longer than 30 characters'.! !

!testRun: #CreditCardTest #test03CreditCardOwnerNameWithMoreThan30CharacterDoesNotPassCheck stamp: 'FK 11/1/2023 23:02:30'!
FAILURE!
!CreditCardChecker methodsFor: 'as yet unclassified' stamp: 'FK 11/1/2023 23:03:53' prior: 50654759!
check
	(creditCardNumber isEmpty) ifTrue: [ ^self error: (self class errorMessageCreditCardNumberIsEmpty). ].
	(self isExpired) ifTrue: [^self error: self class errorMessageCreditCardIsExpired].
	(owner size > 30) ifTrue: [^self error: self class errorMessageOwnerNameIsTooLong ].! !
!CreditCardChecker class methodsFor: 'as yet unclassified' stamp: 'FK 11/1/2023 23:04:22'!
errorMessageOwnerNameIsTooLong
	^'Owner name is longer than 30 characters'.! !

!testRun: #CreditCardTest #test01CreditCardNumberCannotBeEmpty stamp: 'FK 11/1/2023 23:05:05'!
PASSED!

!testRun: #CreditCardTest #test02ExpiredCreditCardDoesNotPassCheck stamp: 'FK 11/1/2023 23:05:05'!
PASSED!

!testRun: #CreditCardTest #test03CreditCardOwnerNameWithMoreThan30CharacterDoesNotPassCheck stamp: 'FK 11/1/2023 23:05:05'!
PASSED!

!testRun: #CreditCardTest #test01CreditCardNumberCannotBeEmpty stamp: 'FK 11/1/2023 23:05:11'!
PASSED!

!testRun: #CreditCardTest #test02ExpiredCreditCardDoesNotPassCheck stamp: 'FK 11/1/2023 23:05:11'!
PASSED!

!testRun: #CreditCardTest #test03CreditCardOwnerNameWithMoreThan30CharacterDoesNotPassCheck stamp: 'FK 11/1/2023 23:05:11'!
PASSED!
!CreditCardTest methodsFor: 'as yet unclassified' stamp: 'FK 11/1/2023 23:12:25'!
test04TransactionAmountLargerThan18CharacterDoesNotPassCheck
	| aCreditCardNumber expiration anOwner anAmount|
	aCreditCardNumber := '5400000000000001'.
	expiration := 121998.
	anOwner := 'Pepe Sanchez'.
	anAmount := '123456789123456789.13'.
	creditCardChecker := 
	 	CreditCardChecker 
			withCCNumber: aCreditCardNumber 
			expirationDate: expiration
			owner: anOwner
			andAmount: anAmount.
	self 
		should: [creditCardChecker check]
		raise: Error
		withMessageText: 'Transaction Amount must be at most 15 digits followed by a dot and 2 digits'.! !

!testRun: #CreditCardTest #test04TransactionAmountLargerThan18CharacterDoesNotPassCheck stamp: 'FK 11/1/2023 23:12:27'!
FAILURE!
!CreditCardChecker class methodsFor: 'as yet unclassified' stamp: 'FK 11/1/2023 23:13:22'!
errorMessageTransactionAmountWrongFormat
	^'Transaction Amount must be at most 15 digits followed by a dot and 2 digits'! !
!CreditCardChecker methodsFor: 'as yet unclassified' stamp: 'FK 11/1/2023 23:15:11' prior: 50655094!
check
	(creditCardNumber isEmpty) ifTrue: [^self error: (self class errorMessageCreditCardNumberIsEmpty)].
	(self isExpired) ifTrue: [^self error: self class errorMessageCreditCardIsExpired].
	(owner size > 30) ifTrue: [^self error: self class errorMessageOwnerNameIsTooLong].
	(self amountHasWrongFormat) ifTrue: [^self error: self class errorMessageTransactionAmountWrongFormat].! !

a := '123456789123456789.1314'.!

a indexOf: '.' startingAt: 1 ifAbsent: [^'no hay punto'].!

a indexOf: $. startingAt: 1 ifAbsent: [^'no hay punto'].!

a copyFrom: 1 to: 19.!

a copyFrom: 1 to: 18.!

a copyFrom: 20 to: (a size).!

a copyFrom: 20 to: (a size -1).!
!CreditCardChecker methodsFor: 'as yet unclassified' stamp: 'FK 11/1/2023 23:28:34'!
amountHasWrongFormat
	| dotIx integerPart decimalPart |
	dotIx := amount indexOf: $. startingAt: 1 ifAbsent: [^true].
	integerPart := amount copyFrom: 1 to: (dotIx-1).
	decimalPart := amount copyFrom: (dotIx+1) to: (amount size).
	! !
!CreditCardChecker methodsFor: 'as yet unclassified' stamp: 'FK 11/1/2023 23:29:29' prior: 50655189!
amountHasWrongFormat
	| dotIx integerPart decimalPart |
	dotIx := amount indexOf: $. startingAt: 1 ifAbsent: [^true].
	integerPart := amount copyFrom: 1 to: (dotIx-1).
	decimalPart := amount copyFrom: (dotIx+1) to: (amount size).
	^(integerPart size > 15) or: (decimalPart size > 2).
	! !

!testRun: #CreditCardTest #test01CreditCardNumberCannotBeEmpty stamp: 'FK 11/1/2023 23:29:34'!
PASSED!

!testRun: #CreditCardTest #test02ExpiredCreditCardDoesNotPassCheck stamp: 'FK 11/1/2023 23:29:35'!
PASSED!

!testRun: #CreditCardTest #test03CreditCardOwnerNameWithMoreThan30CharacterDoesNotPassCheck stamp: 'FK 11/1/2023 23:29:35'!
PASSED!

!testRun: #CreditCardTest #test04TransactionAmountLargerThan18CharacterDoesNotPassCheck stamp: 'FK 11/1/2023 23:29:35'!
FAILURE!

!testRun: #CreditCardTest #test04TransactionAmountLargerThan18CharacterDoesNotPassCheck stamp: 'FK 11/1/2023 23:29:35'!
FAILURE!
!CreditCardTest methodsFor: 'as yet unclassified' stamp: 'FK 11/1/2023 23:29:54' prior: 50655133!
test04TransactionAmountLargerThan18CharacterDoesNotPassCheck
	| aCreditCardNumber expiration anOwner anAmount|
	aCreditCardNumber := '5400000000000001'.
	expiration := 122024.
	anOwner := 'Pepe Sanchez'.
	anAmount := '123456789123456789.13'.
	creditCardChecker := 
	 	CreditCardChecker 
			withCCNumber: aCreditCardNumber 
			expirationDate: expiration
			owner: anOwner
			andAmount: anAmount.
	self 
		should: [creditCardChecker check]
		raise: Error
		withMessageText: 'Transaction Amount must be at most 15 digits followed by a dot and 2 digits'.! !

!testRun: #CreditCardTest #test04TransactionAmountLargerThan18CharacterDoesNotPassCheck stamp: 'FK 11/1/2023 23:29:58'!
PASSED!

!testRun: #CreditCardTest #test01CreditCardNumberCannotBeEmpty stamp: 'FK 11/1/2023 23:29:58'!
PASSED!

!testRun: #CreditCardTest #test02ExpiredCreditCardDoesNotPassCheck stamp: 'FK 11/1/2023 23:29:58'!
PASSED!

!testRun: #CreditCardTest #test03CreditCardOwnerNameWithMoreThan30CharacterDoesNotPassCheck stamp: 'FK 11/1/2023 23:29:58'!
PASSED!

!testRun: #CreditCardTest #test04TransactionAmountLargerThan18CharacterDoesNotPassCheck stamp: 'FK 11/1/2023 23:29:58'!
PASSED!
!CreditCardTest methodsFor: 'as yet unclassified' stamp: 'FK 11/1/2023 23:31:09'!
test04TransactionAmountWithCharactersDoesNotPassCheck
	| aCreditCardNumber expiration anOwner anAmount|
	aCreditCardNumber := '5400000000000001'.
	expiration := 122024.
	anOwner := 'Pepe Sanchez'.
	anAmount := '1234567891c3456789.1d'.
	creditCardChecker := 
	 	CreditCardChecker 
			withCCNumber: aCreditCardNumber 
			expirationDate: expiration
			owner: anOwner
			andAmount: anAmount.
	self 
		should: [creditCardChecker check]
		raise: Error
		withMessageText: 'Transaction Amount must be at most 15 digits followed by a dot and 2 digits'.! !
!CreditCardTest methodsFor: 'as yet unclassified' stamp: 'FK 11/1/2023 23:31:29'!
test05TransactionAmountWithCharactersDoesNotPassCheck
	| aCreditCardNumber expiration anOwner anAmount|
	aCreditCardNumber := '5400000000000001'.
	expiration := 122024.
	anOwner := 'Pepe Sanchez'.
	anAmount := '1234567891c3456789.1d'.
	creditCardChecker := 
	 	CreditCardChecker 
			withCCNumber: aCreditCardNumber 
			expirationDate: expiration
			owner: anOwner
			andAmount: anAmount.
	self 
		should: [creditCardChecker check]
		raise: Error
		withMessageText: 'Transaction Amount must be at most 15 digits followed by a dot and 2 digits'.! !

!methodRemoval: CreditCardTest #test04TransactionAmountWithCharactersDoesNotPassCheck stamp: 'FK 11/1/2023 23:31:29'!
test04TransactionAmountWithCharactersDoesNotPassCheck
	| aCreditCardNumber expiration anOwner anAmount|
	aCreditCardNumber := '5400000000000001'.
	expiration := 122024.
	anOwner := 'Pepe Sanchez'.
	anAmount := '1234567891c3456789.1d'.
	creditCardChecker := 
	 	CreditCardChecker 
			withCCNumber: aCreditCardNumber 
			expirationDate: expiration
			owner: anOwner
			andAmount: anAmount.
	self 
		should: [creditCardChecker check]
		raise: Error
		withMessageText: 'Transaction Amount must be at most 15 digits followed by a dot and 2 digits'.!

a copyFrom: 1 to: 18.!

a := '12345678912c3456789.1314'.!

a copyFrom: 1 to: 18. !

(a copyFrom: 1 to: 18) allSatisfy: [ :i | i isDigit ].!

a := '123456789123456789.1314'.!

(a copyFrom: 1 to: 18) allSatisfy: [ :i | i isDigit ].!

!testRun: #CreditCardTest #test01CreditCardNumberCannotBeEmpty stamp: 'FK 11/1/2023 23:35:04'!
PASSED!

!testRun: #CreditCardTest #test02ExpiredCreditCardDoesNotPassCheck stamp: 'FK 11/1/2023 23:35:04'!
PASSED!

!testRun: #CreditCardTest #test03CreditCardOwnerNameWithMoreThan30CharacterDoesNotPassCheck stamp: 'FK 11/1/2023 23:35:04'!
PASSED!

!testRun: #CreditCardTest #test04TransactionAmountLargerThan18CharacterDoesNotPassCheck stamp: 'FK 11/1/2023 23:35:04'!
PASSED!

!testRun: #CreditCardTest #test05TransactionAmountWithCharactersDoesNotPassCheck stamp: 'FK 11/1/2023 23:35:04'!
PASSED!
!CreditCardTest methodsFor: 'as yet unclassified' stamp: 'FK 11/1/2023 23:35:27' prior: 50655290!
test05TransactionAmountWithCharactersDoesNotPassCheck
	| aCreditCardNumber expiration anOwner anAmount|
	aCreditCardNumber := '5400000000000001'.
	expiration := 122024.
	anOwner := 'Pepe Sanchez'.
	anAmount := '123c123.1d'.
	creditCardChecker := 
	 	CreditCardChecker 
			withCCNumber: aCreditCardNumber 
			expirationDate: expiration
			owner: anOwner
			andAmount: anAmount.
	self 
		should: [creditCardChecker check]
		raise: Error
		withMessageText: 'Transaction Amount must be at most 15 digits followed by a dot and 2 digits'.! !

!testRun: #CreditCardTest #test01CreditCardNumberCannotBeEmpty stamp: 'FK 11/1/2023 23:35:30'!
PASSED!

!testRun: #CreditCardTest #test02ExpiredCreditCardDoesNotPassCheck stamp: 'FK 11/1/2023 23:35:31'!
PASSED!

!testRun: #CreditCardTest #test03CreditCardOwnerNameWithMoreThan30CharacterDoesNotPassCheck stamp: 'FK 11/1/2023 23:35:31'!
PASSED!

!testRun: #CreditCardTest #test04TransactionAmountLargerThan18CharacterDoesNotPassCheck stamp: 'FK 11/1/2023 23:35:31'!
PASSED!

!testRun: #CreditCardTest #test05TransactionAmountWithCharactersDoesNotPassCheck stamp: 'FK 11/1/2023 23:35:31'!
FAILURE!

!testRun: #CreditCardTest #test05TransactionAmountWithCharactersDoesNotPassCheck stamp: 'FK 11/1/2023 23:35:31'!
FAILURE!

(a copyFrom: 1 to: 18) anySatisfy: [ :i | i isDigit not ].!
!CreditCardChecker methodsFor: 'as yet unclassified' stamp: 'FK 11/1/2023 23:37:45' prior: 50655200!
amountHasWrongFormat
	| dotIx integerPart decimalPart |
	dotIx := amount indexOf: $. startingAt: 1 ifAbsent: [^true].
	integerPart := amount copyFrom: 1 to: (dotIx-1).
	decimalPart := amount copyFrom: (dotIx+1) to: (amount size).
	^(integerPart size > 15) or: (decimalPart size > 2) 
	or: (integerPart anySatisfy: [ :i | i isDigit not ]) or: (decimalPart anySatisfy: [ :i | i isDigit not ]).
	! !

!testRun: #CreditCardTest #test01CreditCardNumberCannotBeEmpty stamp: 'FK 11/1/2023 23:37:49'!
PASSED!

!testRun: #CreditCardTest #test02ExpiredCreditCardDoesNotPassCheck stamp: 'FK 11/1/2023 23:37:49'!
PASSED!

!testRun: #CreditCardTest #test03CreditCardOwnerNameWithMoreThan30CharacterDoesNotPassCheck stamp: 'FK 11/1/2023 23:37:49'!
PASSED!

!testRun: #CreditCardTest #test04TransactionAmountLargerThan18CharacterDoesNotPassCheck stamp: 'FK 11/1/2023 23:37:49'!
PASSED!

!testRun: #CreditCardTest #test05TransactionAmountWithCharactersDoesNotPassCheck stamp: 'FK 11/1/2023 23:37:49'!
PASSED!
!CreditCardChecker methodsFor: 'as yet unclassified' stamp: 'FK 11/1/2023 23:45:20' prior: 50655402!
amountHasWrongFormat
	| dotIx integerPart decimalPart |
	
	dotIx := amount indexOf: $. startingAt: 1 ifAbsent: [^true].
	
	integerPart := amount copyFrom: 1 to: (dotIx-1).
	decimalPart := amount copyFrom: (dotIx+1) to: (amount size).
	
	^(integerPart size > 15) or: (decimalPart size > 2) 
	or: (integerPart anySatisfy: [ :i | i isDigit not ]) or: (decimalPart anySatisfy: [ :i | i isDigit not ]).
	! !

!testRun: #CreditCardTest #test01CreditCardNumberCannotBeEmpty stamp: 'FK 11/1/2023 23:45:23'!
PASSED!

!testRun: #CreditCardTest #test02ExpiredCreditCardDoesNotPassCheck stamp: 'FK 11/1/2023 23:45:23'!
PASSED!

!testRun: #CreditCardTest #test03CreditCardOwnerNameWithMoreThan30CharacterDoesNotPassCheck stamp: 'FK 11/1/2023 23:45:23'!
PASSED!

!testRun: #CreditCardTest #test04TransactionAmountLargerThan18CharacterDoesNotPassCheck stamp: 'FK 11/1/2023 23:45:23'!
PASSED!

!testRun: #CreditCardTest #test05TransactionAmountWithCharactersDoesNotPassCheck stamp: 'FK 11/1/2023 23:45:23'!
PASSED!
!CreditCardTest methodsFor: 'as yet unclassified' stamp: 'FK 11/1/2023 23:51:59'!
test06ValidCreditCardPassesCheck
	| aCreditCardNumber expiration anOwner anAmount|
	aCreditCardNumber := '5400000000000001'.
	expiration := 122024.
	anOwner := 'Pepe Sanchez'.
	anAmount := '123123.10'.
	creditCardChecker := 
	 	CreditCardChecker 
			withCCNumber: aCreditCardNumber 
			expirationDate: expiration
			owner: anOwner
			andAmount: anAmount.
	self assert: creditCardChecker check.! !

!testRun: #CreditCardTest #test01CreditCardNumberCannotBeEmpty stamp: 'FK 11/1/2023 23:52:04'!
PASSED!

!testRun: #CreditCardTest #test02ExpiredCreditCardDoesNotPassCheck stamp: 'FK 11/1/2023 23:52:05'!
PASSED!

!testRun: #CreditCardTest #test03CreditCardOwnerNameWithMoreThan30CharacterDoesNotPassCheck stamp: 'FK 11/1/2023 23:52:05'!
PASSED!

!testRun: #CreditCardTest #test04TransactionAmountLargerThan18CharacterDoesNotPassCheck stamp: 'FK 11/1/2023 23:52:05'!
PASSED!

!testRun: #CreditCardTest #test05TransactionAmountWithCharactersDoesNotPassCheck stamp: 'FK 11/1/2023 23:52:05'!
PASSED!

!testRun: #CreditCardTest #test06ValidCreditCardPassesCheck stamp: 'FK 11/1/2023 23:52:05'!
ERROR!

!testRun: #CreditCardTest #test06ValidCreditCardPassesCheck stamp: 'FK 11/1/2023 23:52:05'!
ERROR!
!CreditCardChecker methodsFor: 'as yet unclassified' stamp: 'FK 11/1/2023 23:52:17' prior: 50655166!
check
	(creditCardNumber isEmpty) ifTrue: [^self error: (self class errorMessageCreditCardNumberIsEmpty)].
	(self isExpired) ifTrue: [^self error: self class errorMessageCreditCardIsExpired].
	(owner size > 30) ifTrue: [^self error: self class errorMessageOwnerNameIsTooLong].
	(self amountHasWrongFormat) ifTrue: [^self error: self class errorMessageTransactionAmountWrongFormat].
	^true.! !

!testRun: #CreditCardTest #test01CreditCardNumberCannotBeEmpty stamp: 'FK 11/1/2023 23:52:20'!
PASSED!

!testRun: #CreditCardTest #test02ExpiredCreditCardDoesNotPassCheck stamp: 'FK 11/1/2023 23:52:20'!
PASSED!

!testRun: #CreditCardTest #test03CreditCardOwnerNameWithMoreThan30CharacterDoesNotPassCheck stamp: 'FK 11/1/2023 23:52:20'!
PASSED!

!testRun: #CreditCardTest #test04TransactionAmountLargerThan18CharacterDoesNotPassCheck stamp: 'FK 11/1/2023 23:52:20'!
PASSED!

!testRun: #CreditCardTest #test05TransactionAmountWithCharactersDoesNotPassCheck stamp: 'FK 11/1/2023 23:52:20'!
PASSED!

!testRun: #CreditCardTest #test06ValidCreditCardPassesCheck stamp: 'FK 11/1/2023 23:52:20'!
PASSED!

----SNAPSHOT----(1 November 2023 23:58:43) CuisUniversity-5981.image priorSource: 10337922!

----STARTUP---- (2 November 2023 18:35:54) as /Users/fran/Downloads/macos64/CuisUniversity-5981.image!


!classRemoval: #CreditCardChecker stamp: 'FK 11/2/2023 18:36:03'!
Object subclass: #CreditCardChecker
	instanceVariableNames: 'creditCardNumber expirationDate owner amount'
	classVariableNames: ''
	poolDictionaries: ''
	category: 'TusLibros'!

!classRemoval: #Cart stamp: 'FK 11/2/2023 18:36:03'!
Object subclass: #Cart
	instanceVariableNames: 'cartId cartElements'
	classVariableNames: ''
	poolDictionaries: ''
	category: 'TusLibros'!

!classRemoval: #CreditCardTest stamp: 'FK 11/2/2023 18:36:04'!
TestCase subclass: #CreditCardTest
	instanceVariableNames: 'creditCardNumber expirationDate owner amount creditCardChecker'
	classVariableNames: ''
	poolDictionaries: ''
	category: 'TusLibros'!

!classRemoval: #CartTest stamp: 'FK 11/2/2023 18:36:04'!
TestCase subclass: #CartTest
	instanceVariableNames: ''
	classVariableNames: ''
	poolDictionaries: ''
	category: 'TusLibros'!

----End fileIn of /Users/fran/Downloads/macos64/TusLibros.st----!

TestCase subclass: #CashierTest
	instanceVariableNames: ''
	classVariableNames: ''
	poolDictionaries: ''
	category: 'TusLibros'!

!classDefinition: #CashierTest category: 'TusLibros' stamp: 'FK 11/2/2023 18:42:12'!
TestCase subclass: #CashierTest
	instanceVariableNames: ''
	classVariableNames: ''
	poolDictionaries: ''
	category: 'TusLibros'!
!CashierTest methodsFor: 'nil' stamp: 'FK 11/2/2023 18:44:46'!
test01CheckOutIsNotPossibleIfEmptyCart
	| cart |
	cart := Cart acceptingItemsOf: (CartTest itemSellByTheStore).! !
!CashierTest methodsFor: 'as yet unclassified' stamp: 'FK 11/2/2023 18:46:29' prior: 50655774!
test01CheckOutIsNotPossibleIfEmptyCart
	| cart |
	cart := CartTest createCart .! !

!testRun: #CashierTest #test01CheckOutIsNotPossibleIfEmptyCart stamp: 'FK 11/2/2023 18:46:47'!
ERROR!
!CashierTest methodsFor: 'as yet unclassified' stamp: 'FK 11/2/2023 18:47:20' prior: 50655781!
test01CheckOutIsNotPossibleIfEmptyCart
	| cart |
	cart := CartTest createCart .! !
!CashierTest methodsFor: 'as yet unclassified' stamp: 'FK 11/2/2023 18:47:20' prior: 50655790!
test01CheckOutIsNotPossibleIfEmptyCart
	| cart |
	cart := CartTest createCart .! !

!classDefinition: #Cashier category: 'TusLibros' stamp: 'FK 11/2/2023 18:50:30'!
Object subclass: #Cashier
	instanceVariableNames: ''
	classVariableNames: ''
	poolDictionaries: ''
	category: 'TusLibros'!
!CashierTest methodsFor: 'as yet unclassified' stamp: 'FK 11/2/2023 18:50:35' prior: 50655796!
test01CheckOutIsNotPossibleIfEmptyCart
	| cart cashier |
	cart := CartTest new createCart.
	cashier := Cashier new.
	self should: [ cashier checkOutFor: cart ]
		raise: Error
		withMessageText: 'Cart can not be empty to do check out'.! !

!testRun: #CashierTest #test01CheckOutIsNotPossibleIfEmptyCart stamp: 'FK 11/2/2023 18:50:40'!
FAILURE!
!Cashier methodsFor: 'nil' stamp: 'FK 11/2/2023 18:52:14'!
checkOutFor: aCart
	(aCart isEmpty) ifTrue: [^self error: self class emptyCartErrorDescription].! !
!Cashier class methodsFor: 'nil' stamp: 'FK 11/2/2023 18:53:14'!
emptyCartErrorDescription
	^'a'! !
!Cashier class methodsFor: 'as yet unclassified' stamp: 'FK 11/2/2023 18:53:36' prior: 50655827!
emptyCartErrorDescription
	^'Cart can not be empty to do check out'.! !

!testRun: #CashierTest #test01CheckOutIsNotPossibleIfEmptyCart stamp: 'FK 11/2/2023 18:53:42'!
PASSED!
!CashierTest methodsFor: 'as yet unclassified' stamp: 'FK 11/2/2023 19:00:03'!
test02CheckOutIsPossibleWithCartWithOneBook
	| cart cashier |
	cart := CartTest new createCart.
	cart add: 'validItem'.
	cashier := Cashier new.
	cashier checkOutFor: cart.! !

!testRun: #CashierTest #test01CheckOutIsNotPossibleIfEmptyCart stamp: 'FK 11/2/2023 19:00:46'!
PASSED!

!testRun: #CashierTest #test02CheckOutIsPossibleWithCartWithOneBook stamp: 'FK 11/2/2023 19:00:46'!
ERROR!

!testRun: #CashierTest #test02CheckOutIsPossibleWithCartWithOneBook stamp: 'FK 11/2/2023 19:00:46'!
ERROR!
!CashierTest methodsFor: 'as yet unclassified' stamp: 'FK 11/2/2023 19:01:10' prior: 50655840!
test02CheckOutIsPossibleWithCartWithOneBook
	| cart cashier |
	cart := CartTest new createCart.
	cart add: 'validBook'.
	cashier := Cashier new.
	cashier checkOutFor: cart.! !

!testRun: #CashierTest #test02CheckOutIsPossibleWithCartWithOneBook stamp: 'FK 11/2/2023 19:01:12'!
PASSED!

!testRun: #CashierTest #test01CheckOutIsNotPossibleIfEmptyCart stamp: 'FK 11/2/2023 19:01:12'!
PASSED!

!testRun: #CashierTest #test02CheckOutIsPossibleWithCartWithOneBook stamp: 'FK 11/2/2023 19:01:12'!
PASSED!

!testRun: #CashierTest #test02CheckOutIsPossibleWithCartWithOneBook stamp: 'FK 11/2/2023 19:01:19'!
PASSED!

!testRun: #CashierTest #test01CheckOutIsNotPossibleIfEmptyCart stamp: 'FK 11/2/2023 19:01:19'!
PASSED!

!testRun: #CashierTest #test02CheckOutIsPossibleWithCartWithOneBook stamp: 'FK 11/2/2023 19:01:19'!
PASSED!
!CashierTest methodsFor: 'as yet unclassified' stamp: 'FK 11/2/2023 19:04:32' prior: 50655859!
test02CheckOutIsPossibleWithCartWithOneBook
	| cart cashier |
	cart := CartTest new createCart.
	cart add: 'validBook'.
	cashier := Cashier new.
	self assert: (cashier checkOutFor: cart) = 'Check Out was succesfull'.! !

!testRun: #CashierTest #test02CheckOutIsPossibleWithCartWithOneBook stamp: 'FK 11/2/2023 19:04:34'!
FAILURE!
!Cashier methodsFor: 'as yet unclassified' stamp: 'FK 11/2/2023 19:06:03' prior: 50655821!
checkOutFor: aCart
	(aCart isEmpty) ifTrue: [^self error: self class emptyCartErrorDescription].
	self debit: 10 from: 'cc'.! !
!Cashier methodsFor: 'as yet unclassified' stamp: 'FK 11/2/2023 19:06:36'!
debit: anAmount from: aCreditCard
	^'Check Out was succesfull'.! !

!testRun: #CashierTest #test01CheckOutIsNotPossibleIfEmptyCart stamp: 'FK 11/2/2023 19:06:40'!
PASSED!

!testRun: #CashierTest #test02CheckOutIsPossibleWithCartWithOneBook stamp: 'FK 11/2/2023 19:06:40'!
FAILURE!

!testRun: #CashierTest #test02CheckOutIsPossibleWithCartWithOneBook stamp: 'FK 11/2/2023 19:06:40'!
FAILURE!
!Cashier methodsFor: 'as yet unclassified' stamp: 'FK 11/2/2023 19:07:30' prior: 50655902!
checkOutFor: aCart
	(aCart isEmpty) ifTrue: [^self error: self class emptyCartErrorDescription].
	^self debit: 10 from: 'cc'.! !

!testRun: #CashierTest #test01CheckOutIsNotPossibleIfEmptyCart stamp: 'FK 11/2/2023 19:07:33'!
PASSED!

!testRun: #CashierTest #test02CheckOutIsPossibleWithCartWithOneBook stamp: 'FK 11/2/2023 19:07:33'!
PASSED!
!CashierTest methodsFor: 'as yet unclassified' stamp: 'FK 11/2/2023 19:12:17'!
test03CalculateProperDebitForCart
	| cart cashier |
	cart := CartTest new createCart.
	cart add: 'validBook'.
	cashier := Cashier new.
	self should: [ cashier checkOutFor: cart ]
		raise: Error
		withMessageText: 'Cart can not be empty to do check out'.! !
!CashierTest methodsFor: 'as yet unclassified' stamp: 'FK 11/2/2023 19:15:39' prior: 50655939!
test03CalculateProperDebitForCart
	| cart cashier dict |
	cart := CartTest new createCart.
	cart add: 'validBook'.
	cart add: 'validBook'.
	dict := Dictionary new.
	dict add: 'validBook' -> 100.
	cashier := Cashier withPricesList: dict.
	self assert: (cashier calculateDebitFor: cart) = 200.! !
!Cashier class methodsFor: 'as yet unclassified' stamp: 'FK 11/2/2023 19:16:41'!
withPricesList: aDictionary
	^self new initializeWith: aDictionary.! !

!classDefinition: #Cashier category: 'TusLibros' stamp: 'FK 11/2/2023 19:17:32'!
Object subclass: #Cashier
	instanceVariableNames: 'priceList'
	classVariableNames: ''
	poolDictionaries: ''
	category: 'TusLibros'!
!Cashier methodsFor: 'as yet unclassified' stamp: 'FK 11/2/2023 19:17:27'!
initializeWith: aDictionary
	priceList := aDictionary.! !
!Cashier methodsFor: 'as yet unclassified' stamp: 'FK 11/2/2023 19:18:46'!
calculateDebitFor: aCart
	^aCart xxx: self.! !
!Cashier methodsFor: 'as yet unclassified' stamp: 'FK 11/2/2023 19:19:52'!
priceForBook: anISBN
	^priceList at: anISBN.! !
!Cart methodsFor: 'testing' stamp: 'FK 11/2/2023 19:22:40'!
xxx: aCashier
	
	^items inject: 0 into: [ :total :anItem | total + (aCashier priceForBook: anItem)].! !

!testRun: #CashierTest #test01CheckOutIsNotPossibleIfEmptyCart stamp: 'FK 11/2/2023 19:23:30'!
PASSED!

!testRun: #CashierTest #test02CheckOutIsPossibleWithCartWithOneBook stamp: 'FK 11/2/2023 19:23:31'!
PASSED!

!testRun: #CashierTest #test03CalculateProperDebitForCart stamp: 'FK 11/2/2023 19:23:31'!
PASSED!
!Cart methodsFor: 'queries' stamp: 'FK 11/2/2023 19:24:12'!
calculateTotalPriceWith: aCashier
	
	^items inject: 0 into: [ :total :anItem | total + (aCashier priceForBook: anItem)].! !
!Cashier methodsFor: 'as yet unclassified' stamp: 'FK 11/2/2023 19:24:13' prior: 50655979!
calculateDebitFor: aCart
	^aCart calculateTotalPriceWith: self.! !

!methodRemoval: Cart #xxx: stamp: 'FK 11/2/2023 19:24:13'!
xxx: aCashier
	
	^items inject: 0 into: [ :total :anItem | total + (aCashier priceForBook: anItem)].!

!testRun: #CashierTest #test03CalculateProperDebitForCart stamp: 'FK 11/2/2023 19:25:09'!
PASSED!

!testRun: #CashierTest #test01CheckOutIsNotPossibleIfEmptyCart stamp: 'FK 11/2/2023 19:25:09'!
PASSED!

!testRun: #CashierTest #test02CheckOutIsPossibleWithCartWithOneBook stamp: 'FK 11/2/2023 19:25:09'!
PASSED!

!testRun: #CashierTest #test03CalculateProperDebitForCart stamp: 'FK 11/2/2023 19:25:09'!
PASSED!
!CashierTest methodsFor: 'as yet unclassified' stamp: 'FK 11/2/2023 19:39:25'!
test04CheckOutIsNotPossibleWithExpiredCreditCard
	| cart cashier dict |
	cart := CartTest new createCart.
	cart add: 'validBook'.
	cart add: 'validBook'.
	dict := Dictionary new.
	dict add: 'validBook' -> 100.
	cashier := Cashier withPricesList: dict.
	self should: [cashier checkOutFor: cart 
					creditCardNumber: '5400001' 
					creditCardExpirationDate: 052022 
					creditCardOwner: 'Eepy Sanchez']
		raise: Error
		withMessageText: 'Credit Card is expired'.! !
!Cashier methodsFor: 'as yet unclassified' stamp: 'FK 11/2/2023 19:44:10'!
checkOutFor: aCart creditCardNumber: ccn creditCardExpirationDate: cced creditCardOwner: cco
	| expirationDateAsFGD todayDate |

	expirationDateAsFGD := (FixedGregorianDate yearNumber: (cced mod: 10000) 
										    monthNumber: (cced // 10000) 
										    dayNumber: 1).
	todayDate := (FixedGregorianDate today).
	^expirationDateAsFGD < todayDate.
! !

!testRun: #CashierTest #test01CheckOutIsNotPossibleIfEmptyCart stamp: 'FK 11/2/2023 19:44:16'!
PASSED!

!testRun: #CashierTest #test02CheckOutIsPossibleWithCartWithOneBook stamp: 'FK 11/2/2023 19:44:16'!
PASSED!

!testRun: #CashierTest #test03CalculateProperDebitForCart stamp: 'FK 11/2/2023 19:44:16'!
PASSED!

!testRun: #CashierTest #test04CheckOutIsNotPossibleWithExpiredCreditCard stamp: 'FK 11/2/2023 19:44:16'!
FAILURE!

!testRun: #CashierTest #test04CheckOutIsNotPossibleWithExpiredCreditCard stamp: 'FK 11/2/2023 19:44:16'!
FAILURE!
!Cashier methodsFor: 'as yet unclassified' stamp: 'FK 11/2/2023 19:45:53' prior: 50656049!
checkOutFor: aCart creditCardNumber: ccn creditCardExpirationDate: cced creditCardOwner: cco
	(self isCreditCardExpired) ifTrue: [ ^self error: self class creditCardIsExpired ].
! !
!Cashier class methodsFor: 'as yet unclassified' stamp: 'FK 11/2/2023 19:46:21'!
creditCardIsExpiredErrorDescription
	^'Credit Card is expired'.! !
!Cashier methodsFor: 'as yet unclassified' stamp: 'FK 11/2/2023 19:46:38' prior: 50656080!
checkOutFor: aCart creditCardNumber: ccn creditCardExpirationDate: cced creditCardOwner: cco
	(self isCreditCardExpired) ifTrue: [ ^self error: self class creditCardIsExpiredErrorDescription ].
! !
!Cashier methodsFor: 'as yet unclassified' stamp: 'FK 11/2/2023 19:47:05'!
isCreditCardExpired: cced
	| expirationDateAsFGD todayDate |

	expirationDateAsFGD := (FixedGregorianDate yearNumber: (cced mod: 10000) 
										    monthNumber: (cced // 10000) 
										    dayNumber: 1).
	todayDate := (FixedGregorianDate today).
	^expirationDateAsFGD < todayDate.! !
!Cashier methodsFor: 'as yet unclassified' stamp: 'FK 11/2/2023 19:47:17' prior: 50656094!
checkOutFor: aCart creditCardNumber: ccn creditCardExpirationDate: cced creditCardOwner: cco
	(self isCreditCardExpired: cced) ifTrue: [ ^self error: self class creditCardIsExpiredErrorDescription ].
! !

!testRun: #CashierTest #test01CheckOutIsNotPossibleIfEmptyCart stamp: 'FK 11/2/2023 19:47:27'!
PASSED!

!testRun: #CashierTest #test02CheckOutIsPossibleWithCartWithOneBook stamp: 'FK 11/2/2023 19:47:27'!
PASSED!

!testRun: #CashierTest #test03CalculateProperDebitForCart stamp: 'FK 11/2/2023 19:47:27'!
PASSED!

!testRun: #CashierTest #test04CheckOutIsNotPossibleWithExpiredCreditCard stamp: 'FK 11/2/2023 19:47:27'!
PASSED!
!CashierTest methodsFor: 'as yet unclassified' stamp: 'FK 11/2/2023 19:50:21' prior: 50655888!
test02CheckOutIsPossibleWithCartWithOneBook
	| cart cashier |
	cart := CartTest new createCart.
	cart add: 'validBook'.
	cashier := Cashier new.
	self assert: (cashier checkOutFor: cart 
					creditCardNumber: '5400001' 
					creditCardExpirationDate: 052024 
					creditCardOwner: 'Eepy Sanchez') = 'Check Out was succesfull'.! !

!testRun: #CashierTest #test02CheckOutIsPossibleWithCartWithOneBook stamp: 'FK 11/2/2023 19:50:25'!
FAILURE!

!testRun: #CashierTest #test02CheckOutIsPossibleWithCartWithOneBook stamp: 'FK 11/2/2023 19:50:25'!
FAILURE!
!Cashier methodsFor: 'as yet unclassified' stamp: 'FK 11/2/2023 19:51:04' prior: 50656115!
checkOutFor: aCart creditCardNumber: ccn creditCardExpirationDate: cced creditCardOwner: cco
	
	(aCart isEmpty) ifTrue: [^self error: self class emptyCartErrorDescription].
	(self isCreditCardExpired: cced) ifTrue: [ ^self error: self class creditCardIsExpiredErrorDescription ].
	^self debit: 10 from: 'cc'.
! !

!testRun: #CashierTest #test01CheckOutIsNotPossibleIfEmptyCart stamp: 'FK 11/2/2023 19:51:08'!
PASSED!

!testRun: #CashierTest #test02CheckOutIsPossibleWithCartWithOneBook stamp: 'FK 11/2/2023 19:51:08'!
PASSED!

!testRun: #CashierTest #test03CalculateProperDebitForCart stamp: 'FK 11/2/2023 19:51:08'!
PASSED!

!testRun: #CashierTest #test04CheckOutIsNotPossibleWithExpiredCreditCard stamp: 'FK 11/2/2023 19:51:08'!
PASSED!
!CashierTest methodsFor: 'as yet unclassified' stamp: 'FK 11/2/2023 19:51:43' prior: 50655808!
test01CheckOutIsNotPossibleIfEmptyCart
	| cart cashier |
	cart := CartTest new createCart.
	cashier := Cashier new.
	self should: [ cashier checkOutFor: cart 
					creditCardNumber: '5400001' 
					creditCardExpirationDate: 052024 
					creditCardOwner: 'Eepy Sanchez' ]
		raise: Error
		withMessageText: 'Cart can not be empty to do check out'.! !

!testRun: #CashierTest #test01CheckOutIsNotPossibleIfEmptyCart stamp: 'FK 11/2/2023 19:51:45'!
PASSED!

!testRun: #CashierTest #test01CheckOutIsNotPossibleIfEmptyCart stamp: 'FK 11/2/2023 19:51:46'!
PASSED!

!testRun: #CashierTest #test02CheckOutIsPossibleWithCartWithOneBook stamp: 'FK 11/2/2023 19:51:46'!
PASSED!

!testRun: #CashierTest #test03CalculateProperDebitForCart stamp: 'FK 11/2/2023 19:51:46'!
PASSED!

!testRun: #CashierTest #test04CheckOutIsNotPossibleWithExpiredCreditCard stamp: 'FK 11/2/2023 19:51:46'!
PASSED!

!methodRemoval: Cashier #checkOutFor: stamp: 'FK 11/2/2023 19:51:59'!
checkOutFor: aCart
	(aCart isEmpty) ifTrue: [^self error: self class emptyCartErrorDescription].
	^self debit: 10 from: 'cc'.!

!testRun: #CashierTest #test01CheckOutIsNotPossibleIfEmptyCart stamp: 'FK 11/2/2023 19:52:20'!
PASSED!

!testRun: #CashierTest #test02CheckOutIsPossibleWithCartWithOneBook stamp: 'FK 11/2/2023 19:52:20'!
PASSED!

!testRun: #CashierTest #test03CalculateProperDebitForCart stamp: 'FK 11/2/2023 19:52:20'!
PASSED!

!testRun: #CashierTest #test04CheckOutIsNotPossibleWithExpiredCreditCard stamp: 'FK 11/2/2023 19:52:20'!
PASSED!

TestCase subclass: #CreditCardTest
	instanceVariableNames: ''
	classVariableNames: ''
	poolDictionaries: ''
	category: 'TusLibros'!

!classDefinition: #CreditCardTest category: 'TusLibros' stamp: 'FK 11/2/2023 19:52:46'!
TestCase subclass: #CreditCardTest
	instanceVariableNames: ''
	classVariableNames: ''
	poolDictionaries: ''
	category: 'TusLibros'!

!classDefinition: #CreditCard category: 'TusLibros' stamp: 'FK 11/2/2023 20:02:23'!
Object subclass: #CreditCard
	instanceVariableNames: 'number expirationDate owner'
	classVariableNames: ''
	poolDictionaries: ''
	category: 'TusLibros'!
!CreditCardTest methodsFor: 'nil' stamp: 'FK 11/2/2023 20:02:00'!
test01ExpiredCreditCard
	| card |
	card := CreditCard number: 540001 expirationDate: 052022 owner: 'Eepy Snchez'.
	self assert: card isExpired.! !

----QUIT----(3 November 2023 10:37:30) CuisUniversity-5981.image priorSource: 10364737!

----STARTUP---- (5 November 2023 17:51:31) as /Users/fran/Documents/Facultad/Inge1/Cuis Limpio/CuisUniversity-5981.image!


----End fileIn of /Users/fran/Documents/Facultad/Inge1/Cuis Limpio/TusLibros.st----!
!CreditCardTest methodsFor: 'as yet unclassified' stamp: 'VB 11/5/2023 18:03:18' prior: 50650505!
test01ExpiredCreditCard
	| card |
	card := CreditCard number: '5400112233445566' expirationDate: (May of: 2022) owner: 'Eepy Snchez'.
	self assert: card isExpired.! !

May of: 2022 class!

(May of: 2022) class!

(May ofYear: 2022) class!

(May ofYear: 2022) class!

Date today class!

Date today!

Date today year!

Date today year < Date yesterday year!

(Date today year) < (Date yesterday year)!

(Date today) < (Date yesterday)!

(May ofYear: 2022) month.!

(Date today) > (Date newDay: 1 month: ((May ofYear: 2022) month) year: ((May ofYear: 2022) year))!

(May ofYear: 2022) year.!

| d |!

d := (May ofYear: 2022).!

(Date today) > (Date newDay: 1 month: (d month) year: (d year))!

| d c |!

d := (May ofYear: 2022).!

c := Date newDay: 1 month: 5 year: 2022.!

c class.!

d monthNumber.!

(Date today) > (Date newDay: 1 month: (d monthNumber) year: (d yearNumber))!

(Date today) > (Date newDay: 1 month: (d monthNumber) year: (d year))!

c := Date newDay: 1 month: 15 year: 2022.!

!testRun: #CreditCardTest #test01ExpiredCreditCard stamp: 'VB 11/5/2023 18:36:55'!
ERROR!
!CreditCard class methodsFor: 'nil' stamp: 'VB 11/5/2023 18:38:09'!
number: ccn expirationDate: cced owner: cco
	^self new initializeWith: ccn expirationDate: cced owner: cco.! !
!CreditCard methodsFor: 'nil' stamp: 'VB 11/5/2023 18:38:56'!
initializeWith: ccn expirationDate: cced owner: cco
	number := ccn.
	expirationDate := cced.
	owner := cco.! !
!CreditCard methodsFor: 'as yet unclassified' stamp: 'VB 11/5/2023 18:41:57'!
isExpired
	| expDate |
	expDate := Date newDay: 1 month: (expirationDate monthNumber) year: (expirationDate year).
	^expDate < (Date today).! !

!testRun: #CreditCardTest #test01ExpiredCreditCard stamp: 'VB 11/5/2023 18:42:04'!
ERROR!

!testRun: #CreditCardTest #test01ExpiredCreditCard stamp: 'VB 11/5/2023 18:42:04'!
ERROR!

(Date today) > (Date newDay: 1 month: (d monthNumber) year: (d year))!
!CreditCardTest methodsFor: 'as yet unclassified' stamp: 'VB 11/5/2023 18:44:26' prior: 50650687!
test01ExpiredCreditCard
	| card |
	card := CreditCard number: '5400112233445566' expirationDate: (May ofYear: 2022) owner: 'Eepy Snchez'.
	self assert: card isExpired.! !

!testRun: #CreditCardTest #test01ExpiredCreditCard stamp: 'VB 11/5/2023 18:44:29'!
PASSED!

!testRun: #CreditCardTest #test01ExpiredCreditCard stamp: 'VB 11/5/2023 18:44:29'!
PASSED!
!CreditCard methodsFor: 'as yet unclassified' stamp: 'VB 11/5/2023 18:46:26' prior: 50650735!
isExpired
	| ccedAsDate |
	ccedAsDate := Date newDay: 1 month: (expirationDate monthNumber) year: (expirationDate year).
	^ccedAsDate < (Date today).! !

!testRun: #CreditCardTest #test01ExpiredCreditCard stamp: 'VB 11/5/2023 18:46:33'!
PASSED!
!CreditCardTest methodsFor: 'as yet unclassified' stamp: 'VB 11/5/2023 18:49:48'!
test02CreditCardNumberWithLessThan16Characters

	self should: [CreditCard number: '54001122334455' expirationDate: (May ofYear: 2024) owner: 'Eepy Snchez'.]
		raise: Error
		withMessageText: 'Credit card number must have exactly 16 digits'.! !

!testRun: #CreditCardTest #test02CreditCardNumberWithLessThan16Characters stamp: 'VB 11/5/2023 18:49:54'!
FAILURE!
!CreditCard class methodsFor: 'as yet unclassified' stamp: 'VB 11/5/2023 18:51:45' prior: 50650723!
number: ccn expirationDate: cced owner: cco
	(ccn size = 16) ifFalse: [self error: self creditCardMustHave16DigitsErrorDescription].
	^self new initializeWith: ccn expirationDate: cced owner: cco.! !
!CreditCard class methodsFor: 'as yet unclassified' stamp: 'VB 11/5/2023 18:51:59'!
creditCardMustHave16DigitsErrorDescription
	^'Credit card number must have exactly 16 digits'.! !

!testRun: #CreditCardTest #test01ExpiredCreditCard stamp: 'VB 11/5/2023 18:52:02'!
PASSED!

!testRun: #CreditCardTest #test02CreditCardNumberWithLessThan16Characters stamp: 'VB 11/5/2023 18:52:02'!
PASSED!

!testRun: #CreditCardTest #test01ExpiredCreditCard stamp: 'VB 11/5/2023 18:52:07'!
PASSED!

!testRun: #CreditCardTest #test02CreditCardNumberWithLessThan16Characters stamp: 'VB 11/5/2023 18:52:07'!
PASSED!
!CreditCardTest methodsFor: 'as yet unclassified' stamp: 'VB 11/5/2023 18:54:01'!
test01ExpiredCreditCardAnswersCorrectly
	| card |
	card := CreditCard number: '5400112233445566' expirationDate: (May ofYear: 2022) owner: 'Eepy Snchez'.
	self assert: card isExpired.! !

!methodRemoval: CreditCardTest #test01ExpiredCreditCard stamp: 'VB 11/5/2023 18:54:01'!
test01ExpiredCreditCard
	| card |
	card := CreditCard number: '5400112233445566' expirationDate: (May ofYear: 2022) owner: 'Eepy Snchez'.
	self assert: card isExpired.!
!CreditCardTest methodsFor: 'as yet unclassified' stamp: 'VB 11/5/2023 18:54:13'!
test02CreditCardNumberWithLessThan16CharactersShouldNotBeValid

	self should: [CreditCard number: '54001122334455' expirationDate: (May ofYear: 2024) owner: 'Eepy Snchez'.]
		raise: Error
		withMessageText: 'Credit card number must have exactly 16 digits'.! !

!methodRemoval: CreditCardTest #test02CreditCardNumberWithLessThan16Characters stamp: 'VB 11/5/2023 18:54:14'!
test02CreditCardNumberWithLessThan16Characters

	self should: [CreditCard number: '54001122334455' expirationDate: (May ofYear: 2024) owner: 'Eepy Snchez'.]
		raise: Error
		withMessageText: 'Credit card number must have exactly 16 digits'.!
!CreditCardTest methodsFor: 'as yet unclassified' stamp: 'VB 11/5/2023 18:55:13'!
test03CreditCardNumberWithMoreThan16CharactersShouldNotBeValid

	self should: [CreditCard number: '540011223344556677' expirationDate: (May ofYear: 2024) owner: 'Eepy Snchez'.]
		raise: Error
		withMessageText: 'Credit card number must have exactly 16 digits'.! !

!testRun: #CreditCardTest #test03CreditCardNumberWithMoreThan16CharactersShouldNotBeValid stamp: 'VB 11/5/2023 18:55:14'!
PASSED!

!testRun: #CreditCardTest #test01ExpiredCreditCardAnswersCorrectly stamp: 'VB 11/5/2023 18:55:14'!
PASSED!

!testRun: #CreditCardTest #test02CreditCardNumberWithLessThan16CharactersShouldNotBeValid stamp: 'VB 11/5/2023 18:55:14'!
PASSED!

!testRun: #CreditCardTest #test03CreditCardNumberWithMoreThan16CharactersShouldNotBeValid stamp: 'VB 11/5/2023 18:55:14'!
PASSED!
!CreditCardTest methodsFor: 'as yet unclassified' stamp: 'VB 11/5/2023 18:56:40'!
test04CreditCardNumberWithCharactersThatIsNotADigitShouldNotBeValid

	self should: [CreditCard number: '5400112233AA556677' expirationDate: (May ofYear: 2024) owner: 'Eepy Snchez'.]
		raise: Error
		withMessageText: 'Credit card number must have exactly 16 digits'.! !

!testRun: #CreditCardTest #test04CreditCardNumberWithCharactersThatIsNotADigitShouldNotBeValid stamp: 'VB 11/5/2023 18:56:42'!
PASSED!

!testRun: #CreditCardTest #test01ExpiredCreditCardAnswersCorrectly stamp: 'VB 11/5/2023 18:56:42'!
PASSED!

!testRun: #CreditCardTest #test02CreditCardNumberWithLessThan16CharactersShouldNotBeValid stamp: 'VB 11/5/2023 18:56:42'!
PASSED!

!testRun: #CreditCardTest #test03CreditCardNumberWithMoreThan16CharactersShouldNotBeValid stamp: 'VB 11/5/2023 18:56:42'!
PASSED!

!testRun: #CreditCardTest #test04CreditCardNumberWithCharactersThatIsNotADigitShouldNotBeValid stamp: 'VB 11/5/2023 18:56:42'!
PASSED!
!CreditCardTest methodsFor: 'as yet unclassified' stamp: 'VB 11/5/2023 18:56:47' prior: 50650886!
test04CreditCardNumberWithCharactersThatIsNotADigitShouldNotBeValid

	self should: [CreditCard number: '5400112233AA5566' expirationDate: (May ofYear: 2024) owner: 'Eepy Snchez'.]
		raise: Error
		withMessageText: 'Credit card number must have exactly 16 digits'.! !

!testRun: #CreditCardTest #test04CreditCardNumberWithCharactersThatIsNotADigitShouldNotBeValid stamp: 'VB 11/5/2023 18:56:49'!
FAILURE!
!CreditCard class methodsFor: 'as yet unclassified' stamp: 'VB 11/5/2023 19:00:24' prior: 50650792!
number: ccn expirationDate: cced owner: cco
	(ccn size = 16) ifFalse: [self error: self creditCardMustHave16DigitsErrorDescription].
	(ccn allSatisfy: [ :aChar | aChar isDigit ] ) ifFalse: [self error: self creditCardMustHave16DigitsErrorDescription].
	^self new initializeWith: ccn expirationDate: cced owner: cco.! !

!testRun: #CreditCardTest #test01ExpiredCreditCardAnswersCorrectly stamp: 'VB 11/5/2023 19:00:27'!
PASSED!

!testRun: #CreditCardTest #test02CreditCardNumberWithLessThan16CharactersShouldNotBeValid stamp: 'VB 11/5/2023 19:00:27'!
PASSED!

!testRun: #CreditCardTest #test03CreditCardNumberWithMoreThan16CharactersShouldNotBeValid stamp: 'VB 11/5/2023 19:00:27'!
PASSED!

!testRun: #CreditCardTest #test04CreditCardNumberWithCharactersThatIsNotADigitShouldNotBeValid stamp: 'VB 11/5/2023 19:00:27'!
PASSED!

!testRun: #CashierTest #test01CheckOutIsNotPossibleIfEmptyCart stamp: 'VB 11/5/2023 19:00:31'!
PASSED!

!testRun: #CashierTest #test02CheckOutIsPossibleWithCartWithOneBook stamp: 'VB 11/5/2023 19:00:31'!
PASSED!

!testRun: #CashierTest #test03CalculateProperDebitForCart stamp: 'VB 11/5/2023 19:00:31'!
PASSED!

!testRun: #CashierTest #test04CheckOutIsNotPossibleWithExpiredCreditCard stamp: 'VB 11/5/2023 19:00:31'!
PASSED!

!testRun: #CartTest #test01NewCartsAreCreatedEmpty stamp: 'VB 11/5/2023 19:00:34'!
PASSED!

!testRun: #CartTest #test02CanNotAddItemsThatDoNotBelongToStore stamp: 'VB 11/5/2023 19:00:34'!
PASSED!

!testRun: #CartTest #test03AfterAddingAnItemTheCartIsNotEmptyAnymore stamp: 'VB 11/5/2023 19:00:34'!
PASSED!

!testRun: #CartTest #test04CanNotAddNonPositiveNumberOfItems stamp: 'VB 11/5/2023 19:00:34'!
PASSED!

!testRun: #CartTest #test05CanNotAddMoreThanOneItemNotSellByTheStore stamp: 'VB 11/5/2023 19:00:34'!
PASSED!

!testRun: #CartTest #test06CartRemembersAddedItems stamp: 'VB 11/5/2023 19:00:34'!
PASSED!

!testRun: #CartTest #test07CartDoesNotHoldNotAddedItems stamp: 'VB 11/5/2023 19:00:34'!
PASSED!

!testRun: #CartTest #test08CartRemembersTheNumberOfAddedItems stamp: 'VB 11/5/2023 19:00:34'!
PASSED!

!testRun: #CreditCardTest #test01ExpiredCreditCardAnswersCorrectly stamp: 'VB 11/5/2023 19:00:54'!
PASSED!

!testRun: #CreditCardTest #test02CreditCardNumberWithLessThan16CharactersShouldNotBeValid stamp: 'VB 11/5/2023 19:00:54'!
PASSED!

!testRun: #CreditCardTest #test03CreditCardNumberWithMoreThan16CharactersShouldNotBeValid stamp: 'VB 11/5/2023 19:00:54'!
PASSED!

!testRun: #CreditCardTest #test04CreditCardNumberWithCharactersThatIsNotADigitShouldNotBeValid stamp: 'VB 11/5/2023 19:00:54'!
PASSED!
!CreditCardTest methodsFor: 'as yet unclassified' stamp: 'VB 11/5/2023 19:03:37' prior: 50650837!
test02CreditCardNumberWithLessThan16CharactersShouldNotBeValid

	self should: [CreditCard number: '54001122334455' expirationDate: (May ofYear: 2024) owner: 'Eepy Snchez'.]
		raise: Error
		withMessageText: (CreditCard creditCardMustHave16DigitsErrorDescription).! !

!testRun: #CreditCardTest #test02CreditCardNumberWithLessThan16CharactersShouldNotBeValid stamp: 'VB 11/5/2023 19:03:38'!
PASSED!

!testRun: #CreditCardTest #test01ExpiredCreditCardAnswersCorrectly stamp: 'VB 11/5/2023 19:03:38'!
PASSED!

!testRun: #CreditCardTest #test02CreditCardNumberWithLessThan16CharactersShouldNotBeValid stamp: 'VB 11/5/2023 19:03:38'!
PASSED!

!testRun: #CreditCardTest #test03CreditCardNumberWithMoreThan16CharactersShouldNotBeValid stamp: 'VB 11/5/2023 19:03:38'!
PASSED!

!testRun: #CreditCardTest #test04CreditCardNumberWithCharactersThatIsNotADigitShouldNotBeValid stamp: 'VB 11/5/2023 19:03:38'!
PASSED!

!testRun: #CreditCardTest #test02CreditCardNumberWithLessThan16CharactersShouldNotBeValid stamp: 'VB 11/5/2023 19:03:47'!
PASSED!

!testRun: #CreditCardTest #test01ExpiredCreditCardAnswersCorrectly stamp: 'VB 11/5/2023 19:03:47'!
PASSED!

!testRun: #CreditCardTest #test02CreditCardNumberWithLessThan16CharactersShouldNotBeValid stamp: 'VB 11/5/2023 19:03:47'!
PASSED!

!testRun: #CreditCardTest #test03CreditCardNumberWithMoreThan16CharactersShouldNotBeValid stamp: 'VB 11/5/2023 19:03:47'!
PASSED!

!testRun: #CreditCardTest #test04CreditCardNumberWithCharactersThatIsNotADigitShouldNotBeValid stamp: 'VB 11/5/2023 19:03:47'!
PASSED!
!CreditCardTest methodsFor: 'as yet unclassified' stamp: 'VB 11/5/2023 19:03:54' prior: 50650859!
test03CreditCardNumberWithMoreThan16CharactersShouldNotBeValid

	self should: [CreditCard number: '540011223344556677' expirationDate: (May ofYear: 2024) owner: 'Eepy Snchez'.]
		raise: Error
		withMessageText: (CreditCard creditCardMustHave16DigitsErrorDescription).! !
!CreditCardTest methodsFor: 'as yet unclassified' stamp: 'VB 11/5/2023 19:04:02' prior: 50650918!
test04CreditCardNumberWithCharactersThatIsNotADigitShouldNotBeValid

	self should: [CreditCard number: '5400112233AA5566' expirationDate: (May ofYear: 2024) owner: 'Eepy Snchez'.]
		raise: Error
		withMessageText: (CreditCard creditCardMustHave16DigitsErrorDescription).! !

!testRun: #CreditCardTest #test04CreditCardNumberWithCharactersThatIsNotADigitShouldNotBeValid stamp: 'VB 11/5/2023 19:04:03'!
PASSED!

!testRun: #CreditCardTest #test01ExpiredCreditCardAnswersCorrectly stamp: 'VB 11/5/2023 19:04:03'!
PASSED!

!testRun: #CreditCardTest #test02CreditCardNumberWithLessThan16CharactersShouldNotBeValid stamp: 'VB 11/5/2023 19:04:03'!
PASSED!

!testRun: #CreditCardTest #test03CreditCardNumberWithMoreThan16CharactersShouldNotBeValid stamp: 'VB 11/5/2023 19:04:03'!
PASSED!

!testRun: #CreditCardTest #test04CreditCardNumberWithCharactersThatIsNotADigitShouldNotBeValid stamp: 'VB 11/5/2023 19:04:03'!
PASSED!

!testRun: #CreditCardTest #test04CreditCardNumberWithCharactersThatIsNotADigitShouldNotBeValid stamp: 'VB 11/5/2023 19:04:08'!
PASSED!

!testRun: #CreditCardTest #test01ExpiredCreditCardAnswersCorrectly stamp: 'VB 11/5/2023 19:04:08'!
PASSED!

!testRun: #CreditCardTest #test02CreditCardNumberWithLessThan16CharactersShouldNotBeValid stamp: 'VB 11/5/2023 19:04:08'!
PASSED!

!testRun: #CreditCardTest #test03CreditCardNumberWithMoreThan16CharactersShouldNotBeValid stamp: 'VB 11/5/2023 19:04:08'!
PASSED!

!testRun: #CreditCardTest #test04CreditCardNumberWithCharactersThatIsNotADigitShouldNotBeValid stamp: 'VB 11/5/2023 19:04:08'!
PASSED!
!CreditCardTest methodsFor: 'as yet unclassified' stamp: 'VB 11/5/2023 19:06:21'!
test05CreditCardOwnerNameWithMoreThan30CharactersShouldNotBeValid

	self should: [CreditCard number: '5400112233445566' 
						expirationDate: (May ofYear: 2024) 
						owner: 'Eepy Toms Benjamn Juan Jos Javier Sergio Snchez'.]
		raise: Error
		withMessageText: (CreditCard creditCardMustHave16DigitsErrorDescription).! !
!CreditCardTest methodsFor: 'as yet unclassified' stamp: 'VB 11/5/2023 19:07:04' prior: 50651134!
test05CreditCardOwnerNameWithMoreThan30CharactersShouldNotBeValid

	self should: [CreditCard number: '5400112233445566' 
						expirationDate: (May ofYear: 2024) 
						owner: 'Eepy Toms Benjamn Juan Jos Javier Sergio Snchez'.]
		raise: Error
		withMessageText: (CreditCard creditCardOwnerNameMustHaveAtMost30CharactersErrorDescription).! !

!testRun: #CreditCardTest #test05CreditCardOwnerNameWithMoreThan30CharactersShouldNotBeValid stamp: 'VB 11/5/2023 19:07:12'!
ERROR!
!CreditCard class methodsFor: 'as yet unclassified' stamp: 'VB 11/5/2023 19:08:00' prior: 50650934!
number: ccn expirationDate: cced owner: cco
	(ccn size = 16) ifFalse: [self error: self creditCardMustHave16DigitsErrorDescription].
	(ccn allSatisfy: [ :aChar | aChar isDigit ] ) ifFalse: [self error: self creditCardMustHave16DigitsErrorDescription].
	(cco size > 30) ifTrue: [ self error: self creditCardOwnerNameMustHaveAtMost30CharactersErrorDescription].
	^self new initializeWith: ccn expirationDate: cced owner: cco.! !
!CreditCard class methodsFor: 'as yet unclassified' stamp: 'VB 11/5/2023 19:08:36'!
creditCardOwnerNameMustHaveAtMost30CharactersErrorDescription
	^'Credit Card owner name must have at most 30 characters'.! !
!CreditCard class methodsFor: 'as yet unclassified' stamp: 'VB 11/5/2023 19:08:44' prior: 50651183!
creditCardOwnerNameMustHaveAtMost30CharactersErrorDescription
	^'Credit card owner name must have at most 30 characters'.! !

!testRun: #CreditCardTest #test01ExpiredCreditCardAnswersCorrectly stamp: 'VB 11/5/2023 19:08:47'!
PASSED!

!testRun: #CreditCardTest #test02CreditCardNumberWithLessThan16CharactersShouldNotBeValid stamp: 'VB 11/5/2023 19:08:47'!
PASSED!

!testRun: #CreditCardTest #test03CreditCardNumberWithMoreThan16CharactersShouldNotBeValid stamp: 'VB 11/5/2023 19:08:47'!
PASSED!

!testRun: #CreditCardTest #test04CreditCardNumberWithCharactersThatIsNotADigitShouldNotBeValid stamp: 'VB 11/5/2023 19:08:47'!
PASSED!

!testRun: #CreditCardTest #test05CreditCardOwnerNameWithMoreThan30CharactersShouldNotBeValid stamp: 'VB 11/5/2023 19:08:47'!
PASSED!
!CreditCardTest methodsFor: 'as yet unclassified' stamp: 'VB 11/5/2023 19:12:27'!
test06NotExpiredCreditCardAnswersCorrectly
	| card |
	card := CreditCard number: '5400112233445566' expirationDate: (May ofYear: 2099) owner: 'Eepy Snchez'.
	self deny: card isExpired.! !

!testRun: #CreditCardTest #test06NotExpiredCreditCardAnswersCorrectly stamp: 'VB 11/5/2023 19:12:30'!
PASSED!

!testRun: #CreditCardTest #test01ExpiredCreditCardAnswersCorrectly stamp: 'VB 11/5/2023 19:12:31'!
PASSED!

!testRun: #CreditCardTest #test02CreditCardNumberWithLessThan16CharactersShouldNotBeValid stamp: 'VB 11/5/2023 19:12:31'!
PASSED!

!testRun: #CreditCardTest #test03CreditCardNumberWithMoreThan16CharactersShouldNotBeValid stamp: 'VB 11/5/2023 19:12:31'!
PASSED!

!testRun: #CreditCardTest #test04CreditCardNumberWithCharactersThatIsNotADigitShouldNotBeValid stamp: 'VB 11/5/2023 19:12:31'!
PASSED!

!testRun: #CreditCardTest #test05CreditCardOwnerNameWithMoreThan30CharactersShouldNotBeValid stamp: 'VB 11/5/2023 19:12:31'!
PASSED!

!testRun: #CreditCardTest #test06NotExpiredCreditCardAnswersCorrectly stamp: 'VB 11/5/2023 19:12:31'!
PASSED!
!CashierTest methodsFor: 'as yet unclassified' stamp: 'VB 11/5/2023 19:19:12' prior: 50650437!
test01CheckOutIsNotPossibleIfEmptyCart
	| cart cashier creditCard |
	cart := CartTest new createCart.
	cashier := Cashier new.
	creditCard := CreditCard number: '5400112233445566' expirationDate: (May ofYear: 2024) owner: 'Eepy Sanchez'.
	self should: [ cashier checkOutFor: cart withCreditCard: creditCard ]
		raise: Error
		withMessageText: 'Cart can not be empty to do check out'.! !

!classDefinition: #CashierTest category: 'TusLibros' stamp: 'VB 11/5/2023 19:20:40'!
TestCase subclass: #CashierTest
	instanceVariableNames: 'genericCreditCard'
	classVariableNames: ''
	poolDictionaries: ''
	category: 'TusLibros'!
!CashierTest methodsFor: 'as yet unclassified' stamp: 'VB 11/5/2023 19:20:38' overrides: 16961394!
setUp
	genericCreditCard := CreditCard number: '5400112233445566' expirationDate: (May ofYear: 2024) owner: 'Eepy Sanchez'.! !
!CashierTest methodsFor: 'as yet unclassified' stamp: 'VB 11/5/2023 19:21:05' prior: 50651254!
test01CheckOutIsNotPossibleIfEmptyCart
	| cart cashier |
	cart := CartTest new createCart.
	cashier := Cashier new.
	self should: [ cashier checkOutFor: cart withCreditCard: genericCreditCard ]
		raise: Error
		withMessageText: 'Cart can not be empty to do check out'.! !

!classDefinition: #CashierTest category: 'TusLibros' stamp: 'VB 11/5/2023 19:21:24'!
TestCase subclass: #CashierTest
	instanceVariableNames: 'creditCard'
	classVariableNames: ''
	poolDictionaries: ''
	category: 'TusLibros'!
!CashierTest methodsFor: 'as yet unclassified' stamp: 'VB 11/5/2023 19:21:24' prior: 50651277 overrides: 16961394!
setUp
	creditCard := CreditCard number: '5400112233445566' expirationDate: (May ofYear: 2024) owner: 'Eepy Sanchez'.! !
!CashierTest methodsFor: 'as yet unclassified' stamp: 'VB 11/5/2023 19:21:24' prior: 50651284!
test01CheckOutIsNotPossibleIfEmptyCart
	| cart cashier |
	cart := CartTest new createCart.
	cashier := Cashier new.
	self should: [ cashier checkOutFor: cart withCreditCard: creditCard ]
		raise: Error
		withMessageText: 'Cart can not be empty to do check out'.! !
!Cashier methodsFor: 'as yet unclassified' stamp: 'VB 11/5/2023 19:23:02'!
checkOutFor: aCart withCreditCard: aCreditCard
	
	(aCart isEmpty) ifTrue: [^self error: self class emptyCartErrorDescription].
	(aCreditCard isExpired) ifTrue: [ ^self error: self class creditCardIsExpiredErrorDescription ].
	^self debit: 10 from: aCreditCard.
! !

!testRun: #CashierTest #test01CheckOutIsNotPossibleIfEmptyCart stamp: 'VB 11/5/2023 19:23:09'!
PASSED!

!testRun: #CashierTest #test02CheckOutIsPossibleWithCartWithOneBook stamp: 'VB 11/5/2023 19:23:09'!
PASSED!

!testRun: #CashierTest #test03CalculateProperDebitForCart stamp: 'VB 11/5/2023 19:23:09'!
PASSED!

!testRun: #CashierTest #test04CheckOutIsNotPossibleWithExpiredCreditCard stamp: 'VB 11/5/2023 19:23:09'!
PASSED!
!CashierTest methodsFor: 'as yet unclassified' stamp: 'VB 11/5/2023 19:23:36' prior: 50650451!
test02CheckOutIsPossibleWithCartWithOneBook
	| cart cashier |
	cart := CartTest new createCart.
	cart add: 'validBook'.
	cashier := Cashier new.
	self assert: (cashier checkOutFor: cart withCreditCard: creditCard) = 'Check Out was succesfull'.! !

!testRun: #CashierTest #test02CheckOutIsPossibleWithCartWithOneBook stamp: 'VB 11/5/2023 19:23:38'!
PASSED!

!testRun: #CashierTest #test01CheckOutIsNotPossibleIfEmptyCart stamp: 'VB 11/5/2023 19:23:38'!
PASSED!

!testRun: #CashierTest #test02CheckOutIsPossibleWithCartWithOneBook stamp: 'VB 11/5/2023 19:23:38'!
PASSED!

!testRun: #CashierTest #test03CalculateProperDebitForCart stamp: 'VB 11/5/2023 19:23:38'!
PASSED!

!testRun: #CashierTest #test04CheckOutIsNotPossibleWithExpiredCreditCard stamp: 'VB 11/5/2023 19:23:38'!
PASSED!
!CashierTest methodsFor: 'as yet unclassified' stamp: 'VB 11/5/2023 19:28:06' prior: 50650476!
test04CheckOutIsNotPossibleWithExpiredCreditCard
	| cart cashier dict expiredCreditCard |
	cart := CartTest new createCart.
	cart add: 'validBook'.
	cart add: 'validBook'.
	dict := Dictionary new.
	dict add: 'validBook' -> 100.
	cashier := Cashier withPricesList: dict.
	expiredCreditCard := CreditCard number: '5400112233445566' 
								expirationDate: (May ofYear: 2022) 
								owner: 'Eepy Sanchez'.
	self should: [cashier checkOutFor: cart withCreditCard: expiredCreditCard ]
		raise: Error
		withMessageText: 'Credit Card is expired'.! !

!testRun: #CashierTest #test04CheckOutIsNotPossibleWithExpiredCreditCard stamp: 'VB 11/5/2023 19:28:09'!
PASSED!

!testRun: #CashierTest #test01CheckOutIsNotPossibleIfEmptyCart stamp: 'VB 11/5/2023 19:28:09'!
PASSED!

!testRun: #CashierTest #test02CheckOutIsPossibleWithCartWithOneBook stamp: 'VB 11/5/2023 19:28:09'!
PASSED!

!testRun: #CashierTest #test03CalculateProperDebitForCart stamp: 'VB 11/5/2023 19:28:09'!
PASSED!

!testRun: #CashierTest #test04CheckOutIsNotPossibleWithExpiredCreditCard stamp: 'VB 11/5/2023 19:28:09'!
PASSED!
!CashierTest methodsFor: 'as yet unclassified' stamp: 'VB 11/5/2023 19:29:38' prior: 50651375!
test04CheckOutIsNotPossibleWithExpiredCreditCard
	| cart cashier dict |
	cart := CartTest new createCart.
	cart add: 'validBook'.
	cart add: 'validBook'.
	dict := Dictionary new.
	dict add: 'validBook' -> 100.
	cashier := Cashier withPricesList: dict.
	self should: [cashier checkOutFor: cart withCreditCard: creditCard ]
		raise: Error
		withMessageText: 'Credit Card is expired'.! !

!classDefinition: #CashierTest category: 'TusLibros' stamp: 'VB 11/5/2023 19:30:21'!
TestCase subclass: #CashierTest
	instanceVariableNames: 'creditCard expiredCreditCard'
	classVariableNames: ''
	poolDictionaries: ''
	category: 'TusLibros'!
!CashierTest methodsFor: 'as yet unclassified' stamp: 'VB 11/5/2023 19:30:19' prior: 50651304 overrides: 16961394!
setUp
	creditCard := CreditCard number: '5400112233445566' 
						   expirationDate: (May ofYear: 2024) 
						   owner: 'Eepy Sanchez'.
	expiredCreditCard := CreditCard number: '5400112233445566' 
								   expirationDate: (May ofYear: 2022) 
								   owner: 'Eepy Sanchez'.! !
!CashierTest methodsFor: 'as yet unclassified' stamp: 'VB 11/5/2023 19:30:32' prior: 50651412!
test04CheckOutIsNotPossibleWithExpiredCreditCard
	| cart cashier dict |
	cart := CartTest new createCart.
	cart add: 'validBook'.
	cart add: 'validBook'.
	dict := Dictionary new.
	dict add: 'validBook' -> 100.
	cashier := Cashier withPricesList: dict.
	self should: [cashier checkOutFor: cart withCreditCard: expiredCreditCard ]
		raise: Error
		withMessageText: 'Credit Card is expired'.! !

!testRun: #CashierTest #test04CheckOutIsNotPossibleWithExpiredCreditCard stamp: 'VB 11/5/2023 19:30:35'!
PASSED!

!testRun: #CashierTest #test01CheckOutIsNotPossibleIfEmptyCart stamp: 'VB 11/5/2023 19:30:35'!
PASSED!

!testRun: #CashierTest #test02CheckOutIsPossibleWithCartWithOneBook stamp: 'VB 11/5/2023 19:30:35'!
PASSED!

!testRun: #CashierTest #test03CalculateProperDebitForCart stamp: 'VB 11/5/2023 19:30:35'!
PASSED!

!testRun: #CashierTest #test04CheckOutIsNotPossibleWithExpiredCreditCard stamp: 'VB 11/5/2023 19:30:35'!
PASSED!

!classDefinition: #CashierTest category: 'TusLibros' stamp: 'VB 11/5/2023 19:31:09'!
TestCase subclass: #CashierTest
	instanceVariableNames: 'validCreditCard expiredCreditCard'
	classVariableNames: ''
	poolDictionaries: ''
	category: 'TusLibros'!
!CashierTest methodsFor: 'as yet unclassified' stamp: 'VB 11/5/2023 19:31:09' prior: 50651436 overrides: 16961394!
setUp
	validCreditCard := CreditCard number: '5400112233445566' 
						   expirationDate: (May ofYear: 2024) 
						   owner: 'Eepy Sanchez'.
	expiredCreditCard := CreditCard number: '5400112233445566' 
								   expirationDate: (May ofYear: 2022) 
								   owner: 'Eepy Sanchez'.! !
!CashierTest methodsFor: 'as yet unclassified' stamp: 'VB 11/5/2023 19:31:09' prior: 50651347!
test02CheckOutIsPossibleWithCartWithOneBook
	| cart cashier |
	cart := CartTest new createCart.
	cart add: 'validBook'.
	cashier := Cashier new.
	self assert: (cashier checkOutFor: cart withCreditCard: validCreditCard) = 'Check Out was succesfull'.! !
!CashierTest methodsFor: 'as yet unclassified' stamp: 'VB 11/5/2023 19:31:09' prior: 50651311!
test01CheckOutIsNotPossibleIfEmptyCart
	| cart cashier |
	cart := CartTest new createCart.
	cashier := Cashier new.
	self should: [ cashier checkOutFor: cart withCreditCard: validCreditCard ]
		raise: Error
		withMessageText: 'Cart can not be empty to do check out'.! !

!testRun: #CashierTest #test01CheckOutIsNotPossibleIfEmptyCart stamp: 'VB 11/5/2023 19:31:12'!
PASSED!

!testRun: #CashierTest #test02CheckOutIsPossibleWithCartWithOneBook stamp: 'VB 11/5/2023 19:31:12'!
PASSED!

!testRun: #CashierTest #test03CalculateProperDebitForCart stamp: 'VB 11/5/2023 19:31:12'!
PASSED!

!testRun: #CashierTest #test04CheckOutIsNotPossibleWithExpiredCreditCard stamp: 'VB 11/5/2023 19:31:12'!
PASSED!

!methodRemoval: Cashier #checkOutFor:creditCardNumber:creditCardExpirationDate:creditCardOwner: stamp: 'VB 11/5/2023 19:35:03'!
checkOutFor: aCart creditCardNumber: ccn creditCardExpirationDate: cced creditCardOwner: cco
	
	(aCart isEmpty) ifTrue: [^self error: self class emptyCartErrorDescription].
	(self isCreditCardExpired: cced) ifTrue: [ ^self error: self class creditCardIsExpiredErrorDescription ].
	^self debit: 10 from: 'cc'.
!

!methodRemoval: Cashier #isCreditCardExpired: stamp: 'VB 11/5/2023 19:35:10'!
isCreditCardExpired: cced
	| expirationDateAsFGD todayDate |

	expirationDateAsFGD := (FixedGregorianDate yearNumber: (cced mod: 10000) 
										    monthNumber: (cced // 10000) 
										    dayNumber: 1).
	todayDate := (FixedGregorianDate today).
	^expirationDateAsFGD < todayDate.!
!Cashier methodsFor: 'as yet unclassified' stamp: 'VB 11/5/2023 19:37:14' prior: 50651322!
checkOutFor: aCart withCreditCard: aCreditCard
	
	(aCart isEmpty) ifTrue: [^self error: self class emptyCartErrorDescription].
	(aCreditCard isExpired) ifTrue: [ ^self error: self class creditCardIsExpiredErrorDescription ].
	^self debit: (self calculateDebitFor: aCart) from: aCreditCard.
! !

!testRun: #CashierTest #test01CheckOutIsNotPossibleIfEmptyCart stamp: 'VB 11/5/2023 19:37:20'!
PASSED!

!testRun: #CashierTest #test02CheckOutIsPossibleWithCartWithOneBook stamp: 'VB 11/5/2023 19:37:20'!
ERROR!

!testRun: #CashierTest #test03CalculateProperDebitForCart stamp: 'VB 11/5/2023 19:37:20'!
PASSED!

!testRun: #CashierTest #test04CheckOutIsNotPossibleWithExpiredCreditCard stamp: 'VB 11/5/2023 19:37:20'!
PASSED!

!testRun: #CashierTest #test02CheckOutIsPossibleWithCartWithOneBook stamp: 'VB 11/5/2023 19:37:20'!
ERROR!

!testRun: #CashierTest #test01CheckOutIsNotPossibleIfEmptyCart stamp: 'VB 11/5/2023 19:37:30'!
PASSED!

!testRun: #CashierTest #test02CheckOutIsPossibleWithCartWithOneBook stamp: 'VB 11/5/2023 19:37:33'!
ERROR!

!testRun: #CashierTest #test02CheckOutIsPossibleWithCartWithOneBook stamp: 'VB 11/5/2023 19:37:33'!
ERROR!

!testRun: #CashierTest #test03CalculateProperDebitForCart stamp: 'VB 11/5/2023 19:37:39'!
PASSED!

!testRun: #CashierTest #test04CheckOutIsNotPossibleWithExpiredCreditCard stamp: 'VB 11/5/2023 19:37:41'!
PASSED!

!testRun: #CashierTest #test02CheckOutIsPossibleWithCartWithOneBook stamp: 'VB 11/5/2023 19:40:12'!
ERROR!

!testRun: #CashierTest #test02CheckOutIsPossibleWithCartWithOneBook stamp: 'VB 11/5/2023 19:40:12'!
ERROR!
!CashierTest methodsFor: 'as yet unclassified' stamp: 'VB 11/5/2023 19:41:37' prior: 50651501!
test02CheckOutIsPossibleWithCartWithOneBook
	| cart cashier dict |
	cart := CartTest new createCart.
	cart add: 'validBook'.
	dict := Dictionary new.
	dict add: 'validBook' -> 100.
	cashier := Cashier withPricesList: dict.
	self assert: (cashier checkOutFor: cart withCreditCard: validCreditCard) = 'Check Out was succesfull'.! !

!testRun: #CashierTest #test01CheckOutIsNotPossibleIfEmptyCart stamp: 'VB 11/5/2023 19:41:39'!
PASSED!

!testRun: #CashierTest #test02CheckOutIsPossibleWithCartWithOneBook stamp: 'VB 11/5/2023 19:41:39'!
PASSED!

!testRun: #CashierTest #test03CalculateProperDebitForCart stamp: 'VB 11/5/2023 19:41:39'!
PASSED!

!testRun: #CashierTest #test04CheckOutIsNotPossibleWithExpiredCreditCard stamp: 'VB 11/5/2023 19:41:39'!
PASSED!

!testRun: #CartTest #test01NewCartsAreCreatedEmpty stamp: 'VB 11/5/2023 19:41:58'!
PASSED!

!testRun: #CartTest #test02CanNotAddItemsThatDoNotBelongToStore stamp: 'VB 11/5/2023 19:41:58'!
PASSED!

!testRun: #CartTest #test03AfterAddingAnItemTheCartIsNotEmptyAnymore stamp: 'VB 11/5/2023 19:41:58'!
PASSED!

!testRun: #CartTest #test04CanNotAddNonPositiveNumberOfItems stamp: 'VB 11/5/2023 19:41:58'!
PASSED!

!testRun: #CartTest #test05CanNotAddMoreThanOneItemNotSellByTheStore stamp: 'VB 11/5/2023 19:41:58'!
PASSED!

!testRun: #CartTest #test06CartRemembersAddedItems stamp: 'VB 11/5/2023 19:41:58'!
PASSED!

!testRun: #CartTest #test07CartDoesNotHoldNotAddedItems stamp: 'VB 11/5/2023 19:41:58'!
PASSED!

!testRun: #CartTest #test08CartRemembersTheNumberOfAddedItems stamp: 'VB 11/5/2023 19:41:58'!
PASSED!

!testRun: #CashierTest #test01CheckOutIsNotPossibleIfEmptyCart stamp: 'VB 11/5/2023 19:42:01'!
PASSED!

!testRun: #CashierTest #test02CheckOutIsPossibleWithCartWithOneBook stamp: 'VB 11/5/2023 19:42:01'!
PASSED!

!testRun: #CashierTest #test03CalculateProperDebitForCart stamp: 'VB 11/5/2023 19:42:01'!
PASSED!

!testRun: #CashierTest #test04CheckOutIsNotPossibleWithExpiredCreditCard stamp: 'VB 11/5/2023 19:42:01'!
PASSED!

!testRun: #CreditCardTest #test01ExpiredCreditCardAnswersCorrectly stamp: 'VB 11/5/2023 19:42:03'!
PASSED!

!testRun: #CreditCardTest #test02CreditCardNumberWithLessThan16CharactersShouldNotBeValid stamp: 'VB 11/5/2023 19:42:03'!
PASSED!

!testRun: #CreditCardTest #test03CreditCardNumberWithMoreThan16CharactersShouldNotBeValid stamp: 'VB 11/5/2023 19:42:03'!
PASSED!

!testRun: #CreditCardTest #test04CreditCardNumberWithCharactersThatIsNotADigitShouldNotBeValid stamp: 'VB 11/5/2023 19:42:03'!
PASSED!

!testRun: #CreditCardTest #test05CreditCardOwnerNameWithMoreThan30CharactersShouldNotBeValid stamp: 'VB 11/5/2023 19:42:03'!
PASSED!

!testRun: #CreditCardTest #test06NotExpiredCreditCardAnswersCorrectly stamp: 'VB 11/5/2023 19:42:03'!
PASSED!

Object subclass: #TestableMerchantProcessor
	instanceVariableNames: ''
	classVariableNames: ''
	poolDictionaries: ''
	category: 'TusLibros'!

!classDefinition: #TestableMerchantProcessor category: 'TusLibros' stamp: 'VB 11/5/2023 20:04:16'!
Object subclass: #TestableMerchantProcessor
	instanceVariableNames: ''
	classVariableNames: ''
	poolDictionaries: ''
	category: 'TusLibros'!

Object subclass: #FakeMerchantProcessorTest
	instanceVariableNames: ''
	classVariableNames: ''
	poolDictionaries: ''
	category: 'TusLibros'!

!classDefinition: #FakeMerchantProcessorTest category: 'TusLibros' stamp: 'VB 11/5/2023 20:04:36'!
Object subclass: #FakeMerchantProcessorTest
	instanceVariableNames: ''
	classVariableNames: ''
	poolDictionaries: ''
	category: 'TusLibros'!

Object subclass: #FakeMerchantProcessor
	instanceVariableNames: ''
	classVariableNames: ''
	poolDictionaries: ''
	category: 'TusLibros'!

!classDefinition: #FakeMerchantProcessor category: 'TusLibros' stamp: 'VB 11/5/2023 20:04:40'!
Object subclass: #FakeMerchantProcessor
	instanceVariableNames: ''
	classVariableNames: ''
	poolDictionaries: ''
	category: 'TusLibros'!

!classRemoval: #TestableMerchantProcessor stamp: 'VB 11/5/2023 20:04:49'!
Object subclass: #TestableMerchantProcessor
	instanceVariableNames: ''
	classVariableNames: ''
	poolDictionaries: ''
	category: 'TusLibros'!
!FakeMerchantProcessorTest methodsFor: 'nil' stamp: 'VB 11/5/2023 20:16:42'!
test01CanNotDebitANonPositiveAmount
	| creditCard merchantProcessor |
	creditCard := CreditCard number: '5400112233445566' expirationDate: (May ofYear: 2025) owner: 'Eepy Snchez'.
	merchantProcessor := FakeMerchantProcessor new.
	self should: [ merchantProcessor debit: 0 from: creditCard ]
		raise: Error
		withMessageText: FakeMerchantProcessor canNotDebitANonPositiveAmountErrorDescription.! !

5 strictlyPositive !

0 strictlyPositive !
!FakeMerchantProcessor methodsFor: 'nil' stamp: 'VB 11/5/2023 20:18:59'!
debit: anAmount from: aCreditCard
	(anAmount strictlyPositive) ifFalse: [self error: self class canNotDebitANonPositiveAmountErrorDescription].! !
!FakeMerchantProcessor class methodsFor: 'nil' stamp: 'VB 11/5/2023 20:19:42'!
canNotDebitANonPositiveAmountErrorDescription
	^'The amount to debit must be strictly positive'.! !

TestCase subclass: #FakeMerchantProcessorTest
	instanceVariableNames: ''
	classVariableNames: ''
	poolDictionaries: ''
	category: 'TusLibros'!

!classDefinition: #FakeMerchantProcessorTest category: 'TusLibros' stamp: 'VB 11/5/2023 20:20:00'!
TestCase subclass: #FakeMerchantProcessorTest
	instanceVariableNames: ''
	classVariableNames: ''
	poolDictionaries: ''
	category: 'TusLibros'!

!testRun: #FakeMerchantProcessorTest #test01CanNotDebitANonPositiveAmount stamp: 'VB 11/5/2023 20:20:03'!
PASSED!
!FakeMerchantProcessorTest methodsFor: 'as yet unclassified' stamp: 'VB 11/5/2023 20:42:33'!
test01CanNotDebitFromAStolenCard
	| creditCard merchantProcessor |
	creditCard := CreditCard number: '5400112233445569' expirationDate: (May ofYear: 2025) owner: 'Eepy Snchez'.
	merchantProcessor := FakeMerchantProcessor new.
	self should: [ merchantProcessor debit: 100 from: creditCard ]
		raise: Error
		withMessageText: FakeMerchantProcessor stolenCreditCardErrorDescription.! !
!FakeMerchantProcessorTest methodsFor: 'as yet unclassified' stamp: 'VB 11/5/2023 20:42:45'!
test02CanNotDebitFromAStolenCard
	| creditCard merchantProcessor |
	creditCard := CreditCard number: '5400112233445569' expirationDate: (May ofYear: 2025) owner: 'Eepy Snchez'.
	merchantProcessor := FakeMerchantProcessor new.
	self should: [ merchantProcessor debit: 100 from: creditCard ]
		raise: Error
		withMessageText: FakeMerchantProcessor stolenCreditCardErrorDescription.! !

!methodRemoval: FakeMerchantProcessorTest #test01CanNotDebitFromAStolenCard stamp: 'VB 11/5/2023 20:42:45'!
test01CanNotDebitFromAStolenCard
	| creditCard merchantProcessor |
	creditCard := CreditCard number: '5400112233445569' expirationDate: (May ofYear: 2025) owner: 'Eepy Snchez'.
	merchantProcessor := FakeMerchantProcessor new.
	self should: [ merchantProcessor debit: 100 from: creditCard ]
		raise: Error
		withMessageText: FakeMerchantProcessor stolenCreditCardErrorDescription.!
!FakeMerchantProcessor methodsFor: 'as yet unclassified' stamp: 'VB 11/5/2023 20:44:59' prior: 50651763!
debit: anAmount from: aCreditCard
	(anAmount strictlyPositive) ifFalse: [self error: self class canNotDebitANonPositiveAmountErrorDescription].
	(aCreditCard cardNumber = '5400112233445569') ifTrue: [self error: self class stolenCreditCardErrorDescription].! !
!FakeMerchantProcessor class methodsFor: 'as yet unclassified' stamp: 'VB 11/5/2023 20:45:52'!
stolenCreditCardErrorDescription
	^'Stolen credit card'.! !
!CreditCard methodsFor: 'as yet unclassified' stamp: 'VB 11/5/2023 20:46:12'!
cardNumber
	^number.! !

!testRun: #FakeMerchantProcessorTest #test01CanNotDebitANonPositiveAmount stamp: 'VB 11/5/2023 20:46:17'!
PASSED!

!testRun: #FakeMerchantProcessorTest #test02CanNotDebitFromAStolenCard stamp: 'VB 11/5/2023 20:46:17'!
PASSED!
!FakeMerchantProcessorTest methodsFor: 'as yet unclassified' stamp: 'VB 11/5/2023 20:50:27'!
test03CanNotDebitFromACardWithoutCredit
	| creditCard merchantProcessor |
	creditCard := CreditCard number: '5400112233445599' expirationDate: (May ofYear: 2025) owner: 'Eepy Snchez'.
	merchantProcessor := FakeMerchantProcessor new.
	self should: [ merchantProcessor debit: 100 from: creditCard ]
		raise: Error
		withMessageText: FakeMerchantProcessor creditCardWithoutCreditErrorDescription.! !
!FakeMerchantProcessor methodsFor: 'as yet unclassified' stamp: 'VB 11/5/2023 20:51:06' prior: 50651839!
debit: anAmount from: aCreditCard
	(anAmount strictlyPositive) ifFalse: [self error: self class canNotDebitANonPositiveAmountErrorDescription].
	(aCreditCard cardNumber = '5400112233445569') ifTrue: [self error: self class stolenCreditCardErrorDescription].
	(aCreditCard cardNumber = '5400112233445599') ifTrue: [self error: self creditCardWithoutCreditErrorDescription].! !
!FakeMerchantProcessor methodsFor: 'as yet unclassified' stamp: 'VB 11/5/2023 20:51:55'!
creditCardWithoutCreditErrorDescription
	^'This credit card does not have enough credit'.! !

!methodRemoval: FakeMerchantProcessor #creditCardWithoutCreditErrorDescription stamp: 'VB 11/5/2023 20:52:06'!
creditCardWithoutCreditErrorDescription
	^'This credit card does not have enough credit'.!
!FakeMerchantProcessor class methodsFor: 'as yet unclassified' stamp: 'VB 11/5/2023 20:52:13'!
creditCardWithoutCreditErrorDescription
	^'This credit card does not have enough credit'.! !

!testRun: #FakeMerchantProcessorTest #test01CanNotDebitANonPositiveAmount stamp: 'VB 11/5/2023 20:52:17'!
PASSED!

!testRun: #FakeMerchantProcessorTest #test02CanNotDebitFromAStolenCard stamp: 'VB 11/5/2023 20:52:17'!
PASSED!

!testRun: #FakeMerchantProcessorTest #test03CanNotDebitFromACardWithoutCredit stamp: 'VB 11/5/2023 20:52:17'!
FAILURE!

!testRun: #FakeMerchantProcessorTest #test03CanNotDebitFromACardWithoutCredit stamp: 'VB 11/5/2023 20:52:17'!
FAILURE!
!FakeMerchantProcessor methodsFor: 'as yet unclassified' stamp: 'VB 11/5/2023 20:53:05' prior: 50651883!
debit: anAmount from: aCreditCard
	(anAmount strictlyPositive) ifFalse: [self error: self class canNotDebitANonPositiveAmountErrorDescription].
	(aCreditCard cardNumber = '5400112233445569') 
					ifTrue: [self error: self class stolenCreditCardErrorDescription].
	(aCreditCard cardNumber = '5400112233445599') 
					ifTrue: [self error: self class creditCardWithoutCreditErrorDescription].! !

!testRun: #FakeMerchantProcessorTest #test01CanNotDebitANonPositiveAmount stamp: 'VB 11/5/2023 20:53:08'!
PASSED!

!testRun: #FakeMerchantProcessorTest #test02CanNotDebitFromAStolenCard stamp: 'VB 11/5/2023 20:53:08'!
PASSED!

!testRun: #FakeMerchantProcessorTest #test03CanNotDebitFromACardWithoutCredit stamp: 'VB 11/5/2023 20:53:08'!
PASSED!
!FakeMerchantProcessorTest methodsFor: 'as yet unclassified' stamp: 'VB 11/5/2023 20:54:03' prior: 50651867!
test03CanNotDebitFromACardWithoutCredit
	| creditCard merchantProcessor |
	creditCard := CreditCard number: '5400112233445566' expirationDate: (May ofYear: 2025) owner: 'Eepy Snchez'.
	merchantProcessor := FakeMerchantProcessor new.
	self assert: [ merchantProcessor debit: 100 from: creditCard ] = 'transaction_id'.! !

!testRun: #FakeMerchantProcessorTest #test03CanNotDebitFromACardWithoutCredit stamp: 'VB 11/5/2023 20:54:08'!
FAILURE!
!FakeMerchantProcessorTest methodsFor: 'as yet unclassified' stamp: 'VB 11/5/2023 20:54:27' prior: 50651959!
test03CanNotDebitFromACardWithoutCredit
	| creditCard merchantProcessor |
	creditCard := CreditCard number: '5400112233445566' expirationDate: (May ofYear: 2025) owner: 'Eepy Snchez'.
	merchantProcessor := FakeMerchantProcessor new.
	self assert: (merchantProcessor debit: 100 from: creditCard = 'transaction_id').! !

!testRun: #FakeMerchantProcessorTest #test01CanNotDebitANonPositiveAmount stamp: 'VB 11/5/2023 20:54:34'!
PASSED!

!testRun: #FakeMerchantProcessorTest #test02CanNotDebitFromAStolenCard stamp: 'VB 11/5/2023 20:54:34'!
PASSED!

!testRun: #FakeMerchantProcessorTest #test03CanNotDebitFromACardWithoutCredit stamp: 'VB 11/5/2023 20:54:34'!
ERROR!

!testRun: #FakeMerchantProcessorTest #test03CanNotDebitFromACardWithoutCredit stamp: 'VB 11/5/2023 20:54:34'!
ERROR!
!FakeMerchantProcessor methodsFor: 'as yet unclassified' stamp: 'VB 11/5/2023 20:54:53' prior: 50651932!
debit: anAmount from: aCreditCard
	(anAmount strictlyPositive) ifFalse: [self error: self class canNotDebitANonPositiveAmountErrorDescription].
	(aCreditCard cardNumber = '5400112233445569') 
					ifTrue: [self error: self class stolenCreditCardErrorDescription].
	(aCreditCard cardNumber = '5400112233445599') 
					ifTrue: [self error: self class creditCardWithoutCreditErrorDescription].
	^'transaction_id'.! !

!testRun: #FakeMerchantProcessorTest #test01CanNotDebitANonPositiveAmount stamp: 'VB 11/5/2023 20:55:10'!
PASSED!

!testRun: #FakeMerchantProcessorTest #test02CanNotDebitFromAStolenCard stamp: 'VB 11/5/2023 20:55:10'!
PASSED!

!testRun: #FakeMerchantProcessorTest #test03CanNotDebitFromACardWithoutCredit stamp: 'VB 11/5/2023 20:55:10'!
ERROR!

!testRun: #FakeMerchantProcessorTest #test03CanNotDebitFromACardWithoutCredit stamp: 'VB 11/5/2023 20:55:10'!
ERROR!
!FakeMerchantProcessorTest methodsFor: 'as yet unclassified' stamp: 'VB 11/5/2023 20:50:27' prior: 50651977!
test03CanNotDebitFromACardWithoutCredit
	| creditCard merchantProcessor |
	creditCard := CreditCard number: '5400112233445599' expirationDate: (May ofYear: 2025) owner: 'Eepy Snchez'.
	merchantProcessor := FakeMerchantProcessor new.
	self should: [ merchantProcessor debit: 100 from: creditCard ]
		raise: Error
		withMessageText: FakeMerchantProcessor creditCardWithoutCreditErrorDescription.! !
!FakeMerchantProcessorTest methodsFor: 'as yet unclassified' stamp: 'VB 11/5/2023 20:56:51'!
test04ValidCreditCardCanBuy
	| creditCard merchantProcessor |
	creditCard := CreditCard number: '5400112233445566' expirationDate: (May ofYear: 2025) owner: 'Eepy Snchez'.
	merchantProcessor := FakeMerchantProcessor new.
	self assert: (merchantProcessor debit: 100 from: creditCard = 'transaction_id').! !

!testRun: #FakeMerchantProcessorTest #test01CanNotDebitANonPositiveAmount stamp: 'VB 11/5/2023 20:57:44'!
PASSED!

!testRun: #FakeMerchantProcessorTest #test02CanNotDebitFromAStolenCard stamp: 'VB 11/5/2023 20:57:46'!
PASSED!

!testRun: #FakeMerchantProcessorTest #test03CanNotDebitFromACardWithoutCredit stamp: 'VB 11/5/2023 20:57:48'!
PASSED!

!testRun: #FakeMerchantProcessorTest #test04ValidCreditCardCanBuy stamp: 'VB 11/5/2023 20:57:51'!
ERROR!

!testRun: #FakeMerchantProcessorTest #test04ValidCreditCardCanBuy stamp: 'VB 11/5/2023 20:57:51'!
ERROR!
!FakeMerchantProcessorTest methodsFor: 'as yet unclassified' stamp: 'VB 11/5/2023 20:58:09' prior: 50652052!
test04ValidCreditCardCanBuy
	| creditCard merchantProcessor |
	creditCard := CreditCard number: '5400112233445566' expirationDate: (May ofYear: 2025) owner: 'Eepy Snchez'.
	merchantProcessor := FakeMerchantProcessor new.
	self assert: ((merchantProcessor debit: 100 from: creditCard) = 'transaction_id').! !

!testRun: #FakeMerchantProcessorTest #test04ValidCreditCardCanBuy stamp: 'VB 11/5/2023 20:58:11'!
PASSED!

!testRun: #FakeMerchantProcessorTest #test01CanNotDebitANonPositiveAmount stamp: 'VB 11/5/2023 20:58:11'!
PASSED!

!testRun: #FakeMerchantProcessorTest #test02CanNotDebitFromAStolenCard stamp: 'VB 11/5/2023 20:58:11'!
PASSED!

!testRun: #FakeMerchantProcessorTest #test03CanNotDebitFromACardWithoutCredit stamp: 'VB 11/5/2023 20:58:11'!
PASSED!

!testRun: #FakeMerchantProcessorTest #test04ValidCreditCardCanBuy stamp: 'VB 11/5/2023 20:58:11'!
PASSED!

!classDefinition: #Cashier category: 'TusLibros' stamp: 'VB 11/5/2023 21:02:41'!
Object subclass: #Cashier
	instanceVariableNames: 'priceList merchantProcessor'
	classVariableNames: ''
	poolDictionaries: ''
	category: 'TusLibros'!
!Cashier methodsFor: 'as yet unclassified' stamp: 'VB 11/5/2023 21:02:39' prior: 50650627!
initializeWith: aDictionary
	priceList := aDictionary.
	merchantProcessor := FakeMerchantProcessor new.! !
!Cashier methodsFor: 'as yet unclassified' stamp: 'VB 11/5/2023 21:03:31' prior: 50651562!
checkOutFor: aCart withCreditCard: aCreditCard
	
	(aCart isEmpty) ifTrue: [^self error: self class emptyCartErrorDescription].
	(aCreditCard isExpired) ifTrue: [ ^self error: self class creditCardIsExpiredErrorDescription ].
	^merchantProcessor debit: (self calculateDebitFor: aCart) from: aCreditCard.
! !

!testRun: #CartTest #test01NewCartsAreCreatedEmpty stamp: 'VB 11/5/2023 21:03:54'!
PASSED!

!testRun: #CartTest #test02CanNotAddItemsThatDoNotBelongToStore stamp: 'VB 11/5/2023 21:03:54'!
PASSED!

!testRun: #CartTest #test03AfterAddingAnItemTheCartIsNotEmptyAnymore stamp: 'VB 11/5/2023 21:03:54'!
PASSED!

!testRun: #CartTest #test04CanNotAddNonPositiveNumberOfItems stamp: 'VB 11/5/2023 21:03:54'!
PASSED!

!testRun: #CartTest #test05CanNotAddMoreThanOneItemNotSellByTheStore stamp: 'VB 11/5/2023 21:03:54'!
PASSED!

!testRun: #CartTest #test06CartRemembersAddedItems stamp: 'VB 11/5/2023 21:03:54'!
PASSED!

!testRun: #CartTest #test07CartDoesNotHoldNotAddedItems stamp: 'VB 11/5/2023 21:03:54'!
PASSED!

!testRun: #CartTest #test08CartRemembersTheNumberOfAddedItems stamp: 'VB 11/5/2023 21:03:54'!
PASSED!

!testRun: #CashierTest #test01CheckOutIsNotPossibleIfEmptyCart stamp: 'VB 11/5/2023 21:03:57'!
PASSED!

!testRun: #CashierTest #test02CheckOutIsPossibleWithCartWithOneBook stamp: 'VB 11/5/2023 21:03:57'!
FAILURE!

!testRun: #CashierTest #test03CalculateProperDebitForCart stamp: 'VB 11/5/2023 21:03:57'!
PASSED!

!testRun: #CashierTest #test04CheckOutIsNotPossibleWithExpiredCreditCard stamp: 'VB 11/5/2023 21:03:57'!
PASSED!

!testRun: #CashierTest #test02CheckOutIsPossibleWithCartWithOneBook stamp: 'VB 11/5/2023 21:03:57'!
FAILURE!
!CashierTest methodsFor: 'as yet unclassified' stamp: 'VB 11/5/2023 21:04:09' prior: 50651615!
test02CheckOutIsPossibleWithCartWithOneBook
	| cart cashier dict |
	cart := CartTest new createCart.
	cart add: 'validBook'.
	dict := Dictionary new.
	dict add: 'validBook' -> 100.
	cashier := Cashier withPricesList: dict.
	self assert: (cashier checkOutFor: cart withCreditCard: validCreditCard) = 'transaction_id'.! !

!testRun: #CashierTest #test01CheckOutIsNotPossibleIfEmptyCart stamp: 'VB 11/5/2023 21:04:14'!
PASSED!

!testRun: #CashierTest #test02CheckOutIsPossibleWithCartWithOneBook stamp: 'VB 11/5/2023 21:04:14'!
PASSED!

!testRun: #CashierTest #test03CalculateProperDebitForCart stamp: 'VB 11/5/2023 21:04:14'!
PASSED!

!testRun: #CashierTest #test04CheckOutIsNotPossibleWithExpiredCreditCard stamp: 'VB 11/5/2023 21:04:14'!
PASSED!

!testRun: #CreditCardTest #test01ExpiredCreditCardAnswersCorrectly stamp: 'VB 11/5/2023 21:04:18'!
PASSED!

!testRun: #CreditCardTest #test02CreditCardNumberWithLessThan16CharactersShouldNotBeValid stamp: 'VB 11/5/2023 21:04:18'!
PASSED!

!testRun: #CreditCardTest #test03CreditCardNumberWithMoreThan16CharactersShouldNotBeValid stamp: 'VB 11/5/2023 21:04:18'!
PASSED!

!testRun: #CreditCardTest #test04CreditCardNumberWithCharactersThatIsNotADigitShouldNotBeValid stamp: 'VB 11/5/2023 21:04:18'!
PASSED!

!testRun: #CreditCardTest #test05CreditCardOwnerNameWithMoreThan30CharactersShouldNotBeValid stamp: 'VB 11/5/2023 21:04:18'!
PASSED!

!testRun: #CreditCardTest #test06NotExpiredCreditCardAnswersCorrectly stamp: 'VB 11/5/2023 21:04:18'!
PASSED!

!testRun: #FakeMerchantProcessorTest #test01CanNotDebitANonPositiveAmount stamp: 'VB 11/5/2023 21:04:20'!
PASSED!

!testRun: #FakeMerchantProcessorTest #test02CanNotDebitFromAStolenCard stamp: 'VB 11/5/2023 21:04:20'!
PASSED!

!testRun: #FakeMerchantProcessorTest #test03CanNotDebitFromACardWithoutCredit stamp: 'VB 11/5/2023 21:04:20'!
PASSED!

!testRun: #FakeMerchantProcessorTest #test04ValidCreditCardCanBuy stamp: 'VB 11/5/2023 21:04:20'!
PASSED!

!testRun: #CartTest #test01NewCartsAreCreatedEmpty stamp: 'VB 11/5/2023 21:04:23'!
PASSED!

!testRun: #CartTest #test02CanNotAddItemsThatDoNotBelongToStore stamp: 'VB 11/5/2023 21:04:23'!
PASSED!

!testRun: #CartTest #test03AfterAddingAnItemTheCartIsNotEmptyAnymore stamp: 'VB 11/5/2023 21:04:23'!
PASSED!

!testRun: #CartTest #test04CanNotAddNonPositiveNumberOfItems stamp: 'VB 11/5/2023 21:04:23'!
PASSED!

!testRun: #CartTest #test05CanNotAddMoreThanOneItemNotSellByTheStore stamp: 'VB 11/5/2023 21:04:23'!
PASSED!

!testRun: #CartTest #test06CartRemembersAddedItems stamp: 'VB 11/5/2023 21:04:23'!
PASSED!

!testRun: #CartTest #test07CartDoesNotHoldNotAddedItems stamp: 'VB 11/5/2023 21:04:23'!
PASSED!

!testRun: #CartTest #test08CartRemembersTheNumberOfAddedItems stamp: 'VB 11/5/2023 21:04:23'!
PASSED!

!testRun: #CashierTest #test01CheckOutIsNotPossibleIfEmptyCart stamp: 'VB 11/5/2023 21:04:25'!
PASSED!

!testRun: #CashierTest #test02CheckOutIsPossibleWithCartWithOneBook stamp: 'VB 11/5/2023 21:04:25'!
PASSED!

!testRun: #CashierTest #test03CalculateProperDebitForCart stamp: 'VB 11/5/2023 21:04:25'!
PASSED!

!testRun: #CashierTest #test04CheckOutIsNotPossibleWithExpiredCreditCard stamp: 'VB 11/5/2023 21:04:25'!
PASSED!

!testRun: #CreditCardTest #test01ExpiredCreditCardAnswersCorrectly stamp: 'VB 11/5/2023 21:04:28'!
PASSED!

!testRun: #CreditCardTest #test02CreditCardNumberWithLessThan16CharactersShouldNotBeValid stamp: 'VB 11/5/2023 21:04:28'!
PASSED!

!testRun: #CreditCardTest #test03CreditCardNumberWithMoreThan16CharactersShouldNotBeValid stamp: 'VB 11/5/2023 21:04:28'!
PASSED!

!testRun: #CreditCardTest #test04CreditCardNumberWithCharactersThatIsNotADigitShouldNotBeValid stamp: 'VB 11/5/2023 21:04:28'!
PASSED!

!testRun: #CreditCardTest #test05CreditCardOwnerNameWithMoreThan30CharactersShouldNotBeValid stamp: 'VB 11/5/2023 21:04:28'!
PASSED!

!testRun: #CreditCardTest #test06NotExpiredCreditCardAnswersCorrectly stamp: 'VB 11/5/2023 21:04:28'!
PASSED!

!testRun: #FakeMerchantProcessorTest #test01CanNotDebitANonPositiveAmount stamp: 'VB 11/5/2023 21:04:30'!
PASSED!

!testRun: #FakeMerchantProcessorTest #test02CanNotDebitFromAStolenCard stamp: 'VB 11/5/2023 21:04:30'!
PASSED!

!testRun: #FakeMerchantProcessorTest #test03CanNotDebitFromACardWithoutCredit stamp: 'VB 11/5/2023 21:04:30'!
PASSED!

!testRun: #FakeMerchantProcessorTest #test04ValidCreditCardCanBuy stamp: 'VB 11/5/2023 21:04:30'!
PASSED!

!methodRemoval: Cashier #debit:from: stamp: 'VB 11/5/2023 21:04:38'!
debit: anAmount from: aCreditCard
	^'Check Out was succesfull'.!

!testRun: #CartTest #test01NewCartsAreCreatedEmpty stamp: 'VB 11/5/2023 21:05:00'!
PASSED!

!testRun: #CartTest #test02CanNotAddItemsThatDoNotBelongToStore stamp: 'VB 11/5/2023 21:05:00'!
PASSED!

!testRun: #CartTest #test03AfterAddingAnItemTheCartIsNotEmptyAnymore stamp: 'VB 11/5/2023 21:05:00'!
PASSED!

!testRun: #CartTest #test04CanNotAddNonPositiveNumberOfItems stamp: 'VB 11/5/2023 21:05:00'!
PASSED!

!testRun: #CartTest #test05CanNotAddMoreThanOneItemNotSellByTheStore stamp: 'VB 11/5/2023 21:05:00'!
PASSED!

!testRun: #CartTest #test06CartRemembersAddedItems stamp: 'VB 11/5/2023 21:05:00'!
PASSED!

!testRun: #CartTest #test07CartDoesNotHoldNotAddedItems stamp: 'VB 11/5/2023 21:05:00'!
PASSED!

!testRun: #CartTest #test08CartRemembersTheNumberOfAddedItems stamp: 'VB 11/5/2023 21:05:00'!
PASSED!

!testRun: #CashierTest #test01CheckOutIsNotPossibleIfEmptyCart stamp: 'VB 11/5/2023 21:05:03'!
PASSED!

!testRun: #CashierTest #test02CheckOutIsPossibleWithCartWithOneBook stamp: 'VB 11/5/2023 21:05:03'!
PASSED!

!testRun: #CashierTest #test03CalculateProperDebitForCart stamp: 'VB 11/5/2023 21:05:03'!
PASSED!

!testRun: #CashierTest #test04CheckOutIsNotPossibleWithExpiredCreditCard stamp: 'VB 11/5/2023 21:05:03'!
PASSED!

!testRun: #CreditCardTest #test01ExpiredCreditCardAnswersCorrectly stamp: 'VB 11/5/2023 21:05:05'!
PASSED!

!testRun: #CreditCardTest #test02CreditCardNumberWithLessThan16CharactersShouldNotBeValid stamp: 'VB 11/5/2023 21:05:05'!
PASSED!

!testRun: #CreditCardTest #test03CreditCardNumberWithMoreThan16CharactersShouldNotBeValid stamp: 'VB 11/5/2023 21:05:05'!
PASSED!

!testRun: #CreditCardTest #test04CreditCardNumberWithCharactersThatIsNotADigitShouldNotBeValid stamp: 'VB 11/5/2023 21:05:05'!
PASSED!

!testRun: #CreditCardTest #test05CreditCardOwnerNameWithMoreThan30CharactersShouldNotBeValid stamp: 'VB 11/5/2023 21:05:05'!
PASSED!

!testRun: #CreditCardTest #test06NotExpiredCreditCardAnswersCorrectly stamp: 'VB 11/5/2023 21:05:05'!
PASSED!

!testRun: #FakeMerchantProcessorTest #test01CanNotDebitANonPositiveAmount stamp: 'VB 11/5/2023 21:05:07'!
PASSED!

!testRun: #FakeMerchantProcessorTest #test02CanNotDebitFromAStolenCard stamp: 'VB 11/5/2023 21:05:07'!
PASSED!

!testRun: #FakeMerchantProcessorTest #test03CanNotDebitFromACardWithoutCredit stamp: 'VB 11/5/2023 21:05:07'!
PASSED!

!testRun: #FakeMerchantProcessorTest #test04ValidCreditCardCanBuy stamp: 'VB 11/5/2023 21:05:07'!
PASSED!

!testRun: #CartTest #test01NewCartsAreCreatedEmpty stamp: 'VB 11/5/2023 21:05:13'!
PASSED!

!testRun: #CartTest #test02CanNotAddItemsThatDoNotBelongToStore stamp: 'VB 11/5/2023 21:05:13'!
PASSED!

!testRun: #CartTest #test03AfterAddingAnItemTheCartIsNotEmptyAnymore stamp: 'VB 11/5/2023 21:05:13'!
PASSED!

!testRun: #CartTest #test04CanNotAddNonPositiveNumberOfItems stamp: 'VB 11/5/2023 21:05:13'!
PASSED!

!testRun: #CartTest #test05CanNotAddMoreThanOneItemNotSellByTheStore stamp: 'VB 11/5/2023 21:05:13'!
PASSED!

!testRun: #CartTest #test06CartRemembersAddedItems stamp: 'VB 11/5/2023 21:05:13'!
PASSED!

!testRun: #CartTest #test07CartDoesNotHoldNotAddedItems stamp: 'VB 11/5/2023 21:05:13'!
PASSED!

!testRun: #CartTest #test08CartRemembersTheNumberOfAddedItems stamp: 'VB 11/5/2023 21:05:13'!
PASSED!

!testRun: #CashierTest #test01CheckOutIsNotPossibleIfEmptyCart stamp: 'VB 11/5/2023 21:05:13'!
PASSED!

!testRun: #CashierTest #test02CheckOutIsPossibleWithCartWithOneBook stamp: 'VB 11/5/2023 21:05:13'!
PASSED!

!testRun: #CashierTest #test03CalculateProperDebitForCart stamp: 'VB 11/5/2023 21:05:13'!
PASSED!

!testRun: #CashierTest #test04CheckOutIsNotPossibleWithExpiredCreditCard stamp: 'VB 11/5/2023 21:05:13'!
PASSED!

!testRun: #CreditCardTest #test01ExpiredCreditCardAnswersCorrectly stamp: 'VB 11/5/2023 21:05:13'!
PASSED!

!testRun: #CreditCardTest #test02CreditCardNumberWithLessThan16CharactersShouldNotBeValid stamp: 'VB 11/5/2023 21:05:13'!
PASSED!

!testRun: #CreditCardTest #test03CreditCardNumberWithMoreThan16CharactersShouldNotBeValid stamp: 'VB 11/5/2023 21:05:13'!
PASSED!

!testRun: #CreditCardTest #test04CreditCardNumberWithCharactersThatIsNotADigitShouldNotBeValid stamp: 'VB 11/5/2023 21:05:13'!
PASSED!

!testRun: #CreditCardTest #test05CreditCardOwnerNameWithMoreThan30CharactersShouldNotBeValid stamp: 'VB 11/5/2023 21:05:13'!
PASSED!

!testRun: #CreditCardTest #test06NotExpiredCreditCardAnswersCorrectly stamp: 'VB 11/5/2023 21:05:13'!
PASSED!

!testRun: #FakeMerchantProcessorTest #test01CanNotDebitANonPositiveAmount stamp: 'VB 11/5/2023 21:05:13'!
PASSED!

!testRun: #FakeMerchantProcessorTest #test02CanNotDebitFromAStolenCard stamp: 'VB 11/5/2023 21:05:13'!
PASSED!

!testRun: #FakeMerchantProcessorTest #test03CanNotDebitFromACardWithoutCredit stamp: 'VB 11/5/2023 21:05:13'!
PASSED!

!testRun: #FakeMerchantProcessorTest #test04ValidCreditCardCanBuy stamp: 'VB 11/5/2023 21:05:13'!
PASSED!

!testRun: #CartTest #test01NewCartsAreCreatedEmpty stamp: 'VB 11/5/2023 21:06:14'!
PASSED!

!testRun: #CartTest #test02CanNotAddItemsThatDoNotBelongToStore stamp: 'VB 11/5/2023 21:06:14'!
PASSED!

!testRun: #CartTest #test03AfterAddingAnItemTheCartIsNotEmptyAnymore stamp: 'VB 11/5/2023 21:06:14'!
PASSED!

!testRun: #CartTest #test04CanNotAddNonPositiveNumberOfItems stamp: 'VB 11/5/2023 21:06:14'!
PASSED!

!testRun: #CartTest #test05CanNotAddMoreThanOneItemNotSellByTheStore stamp: 'VB 11/5/2023 21:06:14'!
PASSED!

!testRun: #CartTest #test06CartRemembersAddedItems stamp: 'VB 11/5/2023 21:06:14'!
PASSED!

!testRun: #CartTest #test07CartDoesNotHoldNotAddedItems stamp: 'VB 11/5/2023 21:06:14'!
PASSED!

!testRun: #CartTest #test08CartRemembersTheNumberOfAddedItems stamp: 'VB 11/5/2023 21:06:14'!
PASSED!

!testRun: #CashierTest #test01CheckOutIsNotPossibleIfEmptyCart stamp: 'VB 11/5/2023 21:06:14'!
PASSED!

!testRun: #CashierTest #test02CheckOutIsPossibleWithCartWithOneBook stamp: 'VB 11/5/2023 21:06:14'!
PASSED!

!testRun: #CashierTest #test03CalculateProperDebitForCart stamp: 'VB 11/5/2023 21:06:14'!
PASSED!

!testRun: #CashierTest #test04CheckOutIsNotPossibleWithExpiredCreditCard stamp: 'VB 11/5/2023 21:06:14'!
PASSED!

!testRun: #CreditCardTest #test01ExpiredCreditCardAnswersCorrectly stamp: 'VB 11/5/2023 21:06:14'!
PASSED!

!testRun: #CreditCardTest #test02CreditCardNumberWithLessThan16CharactersShouldNotBeValid stamp: 'VB 11/5/2023 21:06:14'!
PASSED!

!testRun: #CreditCardTest #test03CreditCardNumberWithMoreThan16CharactersShouldNotBeValid stamp: 'VB 11/5/2023 21:06:14'!
PASSED!

!testRun: #CreditCardTest #test04CreditCardNumberWithCharactersThatIsNotADigitShouldNotBeValid stamp: 'VB 11/5/2023 21:06:14'!
PASSED!

!testRun: #CreditCardTest #test05CreditCardOwnerNameWithMoreThan30CharactersShouldNotBeValid stamp: 'VB 11/5/2023 21:06:14'!
PASSED!

!testRun: #CreditCardTest #test06NotExpiredCreditCardAnswersCorrectly stamp: 'VB 11/5/2023 21:06:14'!
PASSED!

!testRun: #FakeMerchantProcessorTest #test01CanNotDebitANonPositiveAmount stamp: 'VB 11/5/2023 21:06:14'!
PASSED!

!testRun: #FakeMerchantProcessorTest #test02CanNotDebitFromAStolenCard stamp: 'VB 11/5/2023 21:06:14'!
PASSED!

!testRun: #FakeMerchantProcessorTest #test03CanNotDebitFromACardWithoutCredit stamp: 'VB 11/5/2023 21:06:14'!
PASSED!

!testRun: #FakeMerchantProcessorTest #test04ValidCreditCardCanBuy stamp: 'VB 11/5/2023 21:06:14'!
PASSED!

----SNAPSHOT----(5 November 2023 21:06:18) CuisUniversity-5981.image priorSource: 10197292!

----SNAPSHOT----(5 November 2023 21:06:21) CuisUniversity-5981.image priorSource: 10268968!

----SNAPSHOT----(5 November 2023 21:06:42) CuisUniversity-5981.image priorSource: 10269061!

----SNAPSHOT----(5 November 2023 21:06:44) CuisUniversity-5981.image priorSource: 10269154!

----QUIT----(5 November 2023 21:07:59) CuisUniversity-5981.image priorSource: 10269247!